---------------------------------------------------------------
[ 2018-01-09T13:52:04+08:00 ] ::1 ::1 GET /jd/public/index.php/admin/keywords/keywordslist.html
[ info ] localhost/jd/public/index.php/admin/keywords/keywordslist.html [运行时间：0.148281s][吞吐率：6.74req/s] [内存消耗：1,420.71kb] [文件加载：50]
[ info ] [ LANG ] G:\phpStudy2017\PHPTutorial\WWW\jd\thinkphp\lang\zh-cn.php
[ info ] [ ROUTE ] array (
  'type' => 'module',
  'module' => 
  array (
    0 => 'admin',
    1 => 'keywords',
    2 => 'keywordslist',
  ),
)
[ info ] [ HEADER ] array (
  'cookie' => '__guid=111872281.1359355482103690000.1509702285237.3625; pgv_pvi=8007761920; PHPSESSID=ke6d0kfhrjn1k73gqb9u9se4j5; monitor_count=542',
  'accept-language' => 'zh-CN,zh;q=0.8',
  'accept-encoding' => 'gzip, deflate, sdch, br',
  'accept' => 'text/html,application/xhtml+xml,application/xml;q=0.9,image/webp,*/*;q=0.8',
  'user-agent' => 'Mozilla/5.0 (Windows NT 10.0; WOW64) AppleWebKit/537.36 (KHTML, like Gecko) Chrome/55.0.2883.87 Safari/537.36',
  'upgrade-insecure-requests' => '1',
  'connection' => 'close',
  'host' => 'localhost',
)
[ info ] [ PARAM ] array (
)
[ info ] [ SESSION ] INIT array (
  'id' => '',
  'var_session_id' => '',
  'prefix' => 'think',
  'type' => '',
  'auto_start' => true,
  'expire' => '3600',
)
[ info ] [ VIEW ] G:\phpStudy2017\PHPTutorial\WWW\jd\thinkphp\tpl\dispatch_jump.tpl [ array (
  0 => 'code',
  1 => 'msg',
  2 => 'data',
  3 => 'url',
  4 => 'wait',
) ]
[ info ] [ LOG ] INIT File
---------------------------------------------------------------
[ 2018-01-09T13:52:07+08:00 ] ::1 ::1 GET /jd/public/index.php/admin/login/login.html
[ info ] localhost/jd/public/index.php/admin/login/login.html [运行时间：0.060695s][吞吐率：16.48req/s] [内存消耗：1,551.77kb] [文件加载：51]
[ info ] [ LANG ] G:\phpStudy2017\PHPTutorial\WWW\jd\thinkphp\lang\zh-cn.php
[ info ] [ ROUTE ] array (
  'type' => 'module',
  'module' => 
  array (
    0 => 'admin',
    1 => 'login',
    2 => 'login',
  ),
)
[ info ] [ HEADER ] array (
  'cookie' => '__guid=111872281.1359355482103690000.1509702285237.3625; pgv_pvi=8007761920; PHPSESSID=ke6d0kfhrjn1k73gqb9u9se4j5; monitor_count=543',
  'accept-language' => 'zh-CN,zh;q=0.8',
  'accept-encoding' => 'gzip, deflate, sdch, br',
  'referer' => 'http://localhost/jd/public/index.php/admin/keywords/keywordslist.html',
  'accept' => 'text/html,application/xhtml+xml,application/xml;q=0.9,image/webp,*/*;q=0.8',
  'user-agent' => 'Mozilla/5.0 (Windows NT 10.0; WOW64) AppleWebKit/537.36 (KHTML, like Gecko) Chrome/55.0.2883.87 Safari/537.36',
  'upgrade-insecure-requests' => '1',
  'connection' => 'close',
  'host' => 'localhost',
)
[ info ] [ PARAM ] array (
)
[ info ] [ RUN ] app\admin\controller\Login->login[ G:\phpStudy2017\PHPTutorial\WWW\jd\application\admin\controller\Login.php ]
[ info ] [ SESSION ] INIT array (
  'id' => '',
  'var_session_id' => '',
  'prefix' => 'think',
  'type' => '',
  'auto_start' => true,
  'expire' => '3600',
)
[ info ] [ VIEW ] G:\phpStudy2017\PHPTutorial\WWW\jd\public/../application/admin\view\login\login.html [ array (
) ]
[ info ] [ LOG ] INIT File
---------------------------------------------------------------
[ 2018-01-09T13:52:07+08:00 ] ::1 ::1 GET /jd/public/index.php/captcha.html
[ info ] localhost/jd/public/index.php/captcha.html [运行时间：0.149918s][吞吐率：6.67req/s] [内存消耗：1,216.77kb] [文件加载：39]
[ info ] [ LANG ] G:\phpStudy2017\PHPTutorial\WWW\jd\thinkphp\lang\zh-cn.php
[ info ] [ ROUTE ] array (
  'type' => 'method',
  'method' => 
  array (
    0 => '\\think\\captcha\\CaptchaController',
    1 => 'index',
  ),
  'var' => 
  array (
  ),
)
[ info ] [ HEADER ] array (
  'cookie' => '__guid=111872281.1359355482103690000.1509702285237.3625; pgv_pvi=8007761920; PHPSESSID=ke6d0kfhrjn1k73gqb9u9se4j5; monitor_count=544',
  'accept-language' => 'zh-CN,zh;q=0.8',
  'accept-encoding' => 'gzip, deflate, sdch, br',
  'referer' => 'http://localhost/jd/public/index.php/admin/login/login.html',
  'accept' => 'image/webp,image/*,*/*;q=0.8',
  'user-agent' => 'Mozilla/5.0 (Windows NT 10.0; WOW64) AppleWebKit/537.36 (KHTML, like Gecko) Chrome/55.0.2883.87 Safari/537.36',
  'connection' => 'close',
  'host' => 'localhost',
)
[ info ] [ PARAM ] array (
  'id' => NULL,
)
[ info ] [ RUN ] think\captcha\CaptchaController->index[ G:\phpStudy2017\PHPTutorial\WWW\jd\vendor\topthink\think-captcha\src\CaptchaController.php ]
[ info ] [ SESSION ] INIT array (
  'id' => '',
  'var_session_id' => '',
  'prefix' => 'think',
  'type' => '',
  'auto_start' => true,
  'expire' => '3600',
)
[ info ] [ LOG ] INIT File
---------------------------------------------------------------
[ 2018-01-09T13:52:13+08:00 ] ::1 ::1 GET /jd/public/index.php/
[ info ] localhost/jd/public/index.php/ [运行时间：0.152199s][吞吐率：6.57req/s] [内存消耗：2,382.85kb] [文件加载：56]
[ info ] [ LANG ] G:\phpStudy2017\PHPTutorial\WWW\jd\thinkphp\lang\zh-cn.php
[ info ] [ ROUTE ] array (
  'type' => 'module',
  'module' => 
  array (
    0 => '',
    1 => NULL,
    2 => NULL,
  ),
)
[ info ] [ HEADER ] array (
  'cookie' => '__guid=111872281.1359355482103690000.1509702285237.3625; pgv_pvi=8007761920; PHPSESSID=ke6d0kfhrjn1k73gqb9u9se4j5; monitor_count=544',
  'accept-language' => 'zh-CN,zh;q=0.8',
  'accept-encoding' => 'gzip, deflate, sdch, br',
  'accept' => 'text/html,application/xhtml+xml,application/xml;q=0.9,image/webp,*/*;q=0.8',
  'user-agent' => 'Mozilla/5.0 (Windows NT 10.0; WOW64) AppleWebKit/537.36 (KHTML, like Gecko) Chrome/55.0.2883.87 Safari/537.36',
  'upgrade-insecure-requests' => '1',
  'connection' => 'close',
  'host' => 'localhost',
)
[ info ] [ PARAM ] array (
)
[ info ] [ RUN ] app\index\controller\Index->index[ G:\phpStudy2017\PHPTutorial\WWW\jd\application\index\controller\Index.php ]
[ info ] [ DB ] INIT mysql
[ info ] [ VIEW ] G:\phpStudy2017\PHPTutorial\WWW\jd\public/../application/index\view\index\index.html [ array (
  0 => 'cate_list',
) ]
[ info ] [ SESSION ] INIT array (
  'id' => '',
  'var_session_id' => '',
  'prefix' => 'think',
  'type' => '',
  'auto_start' => true,
  'expire' => '3600',
)
[ info ] [ LOG ] INIT File
[ sql ] [ DB ] CONNECT:[ UseTime:0.010786s ] mysql:dbname=jd;host=127.0.0.1;charset=utf8
[ sql ] [ SQL ] SHOW COLUMNS FROM `jd_cate` [ RunTime:0.053161s ]
[ sql ] [ SQL ] SELECT * FROM `jd_cate` ORDER BY `cate_sort` [ RunTime:0.000421s ]
---------------------------------------------------------------
[ 2018-01-09T13:52:33+08:00 ] ::1 ::1 GET /jd/public/index.php/user/info/index.html
[ info ] localhost/jd/public/index.php/user/info/index.html [运行时间：0.046248s][吞吐率：21.62req/s] [内存消耗：1,484.02kb] [文件加载：50]
[ info ] [ LANG ] G:\phpStudy2017\PHPTutorial\WWW\jd\thinkphp\lang\zh-cn.php
[ info ] [ ROUTE ] array (
  'type' => 'module',
  'module' => 
  array (
    0 => 'user',
    1 => 'info',
    2 => 'index',
  ),
)
[ info ] [ HEADER ] array (
  'cookie' => '__guid=111872281.1359355482103690000.1509702285237.3625; pgv_pvi=8007761920; PHPSESSID=ke6d0kfhrjn1k73gqb9u9se4j5; monitor_count=545',
  'accept-language' => 'zh-CN,zh;q=0.8',
  'accept-encoding' => 'gzip, deflate, sdch, br',
  'referer' => 'http://localhost/jd/public/index.php/',
  'accept' => 'text/html,application/xhtml+xml,application/xml;q=0.9,image/webp,*/*;q=0.8',
  'user-agent' => 'Mozilla/5.0 (Windows NT 10.0; WOW64) AppleWebKit/537.36 (KHTML, like Gecko) Chrome/55.0.2883.87 Safari/537.36',
  'upgrade-insecure-requests' => '1',
  'connection' => 'close',
  'host' => 'localhost',
)
[ info ] [ PARAM ] array (
)
[ info ] [ SESSION ] INIT array (
  'id' => '',
  'var_session_id' => '',
  'prefix' => 'think',
  'type' => '',
  'auto_start' => true,
  'expire' => '3600',
)
[ info ] [ VIEW ] G:\phpStudy2017\PHPTutorial\WWW\jd\thinkphp\tpl\dispatch_jump.tpl [ array (
  0 => 'code',
  1 => 'msg',
  2 => 'data',
  3 => 'url',
  4 => 'wait',
) ]
[ info ] [ LOG ] INIT File
---------------------------------------------------------------
[ 2018-01-09T13:52:36+08:00 ] ::1 ::1 GET /jd/public/index.php/user/login/login.html
[ info ] localhost/jd/public/index.php/user/login/login.html [运行时间：0.033695s][吞吐率：29.68req/s] [内存消耗：1,543.65kb] [文件加载：51]
[ info ] [ LANG ] G:\phpStudy2017\PHPTutorial\WWW\jd\thinkphp\lang\zh-cn.php
[ info ] [ ROUTE ] array (
  'type' => 'module',
  'module' => 
  array (
    0 => 'user',
    1 => 'login',
    2 => 'login',
  ),
)
[ info ] [ HEADER ] array (
  'cookie' => '__guid=111872281.1359355482103690000.1509702285237.3625; pgv_pvi=8007761920; PHPSESSID=ke6d0kfhrjn1k73gqb9u9se4j5; monitor_count=546',
  'accept-language' => 'zh-CN,zh;q=0.8',
  'accept-encoding' => 'gzip, deflate, sdch, br',
  'referer' => 'http://localhost/jd/public/index.php/user/info/index.html',
  'accept' => 'text/html,application/xhtml+xml,application/xml;q=0.9,image/webp,*/*;q=0.8',
  'user-agent' => 'Mozilla/5.0 (Windows NT 10.0; WOW64) AppleWebKit/537.36 (KHTML, like Gecko) Chrome/55.0.2883.87 Safari/537.36',
  'upgrade-insecure-requests' => '1',
  'connection' => 'close',
  'host' => 'localhost',
)
[ info ] [ PARAM ] array (
)
[ info ] [ RUN ] app\user\controller\Login->login[ G:\phpStudy2017\PHPTutorial\WWW\jd\application\user\controller\Login.php ]
[ info ] [ VIEW ] G:\phpStudy2017\PHPTutorial\WWW\jd\public/../application/user\view\login\login.html [ array (
) ]
[ info ] [ LOG ] INIT File
---------------------------------------------------------------
[ 2018-01-09T13:52:38+08:00 ] ::1 ::1 GET /jd/public/index.php/user/info/index.html
[ info ] localhost/jd/public/index.php/user/info/index.html [运行时间：0.031761s][吞吐率：31.49req/s] [内存消耗：1,484.02kb] [文件加载：50]
[ info ] [ LANG ] G:\phpStudy2017\PHPTutorial\WWW\jd\thinkphp\lang\zh-cn.php
[ info ] [ ROUTE ] array (
  'type' => 'module',
  'module' => 
  array (
    0 => 'user',
    1 => 'info',
    2 => 'index',
  ),
)
[ info ] [ HEADER ] array (
  'cookie' => '__guid=111872281.1359355482103690000.1509702285237.3625; pgv_pvi=8007761920; PHPSESSID=ke6d0kfhrjn1k73gqb9u9se4j5; monitor_count=547',
  'accept-language' => 'zh-CN,zh;q=0.8',
  'accept-encoding' => 'gzip, deflate, sdch, br',
  'referer' => 'http://localhost/jd/public/index.php/',
  'accept' => 'text/html,application/xhtml+xml,application/xml;q=0.9,image/webp,*/*;q=0.8',
  'user-agent' => 'Mozilla/5.0 (Windows NT 10.0; WOW64) AppleWebKit/537.36 (KHTML, like Gecko) Chrome/55.0.2883.87 Safari/537.36',
  'upgrade-insecure-requests' => '1',
  'connection' => 'close',
  'host' => 'localhost',
)
[ info ] [ PARAM ] array (
)
[ info ] [ SESSION ] INIT array (
  'id' => '',
  'var_session_id' => '',
  'prefix' => 'think',
  'type' => '',
  'auto_start' => true,
  'expire' => '3600',
)
[ info ] [ VIEW ] G:\phpStudy2017\PHPTutorial\WWW\jd\thinkphp\tpl\dispatch_jump.tpl [ array (
  0 => 'code',
  1 => 'msg',
  2 => 'data',
  3 => 'url',
  4 => 'wait',
) ]
[ info ] [ LOG ] INIT File
---------------------------------------------------------------
[ 2018-01-09T13:52:39+08:00 ] ::1 ::1 GET /jd/public/index.php/
[ info ] localhost/jd/public/index.php/ [运行时间：0.067038s][吞吐率：14.92req/s] [内存消耗：2,382.85kb] [文件加载：56]
[ info ] [ LANG ] G:\phpStudy2017\PHPTutorial\WWW\jd\thinkphp\lang\zh-cn.php
[ info ] [ ROUTE ] array (
  'type' => 'module',
  'module' => 
  array (
    0 => '',
    1 => NULL,
    2 => NULL,
  ),
)
[ info ] [ HEADER ] array (
  'cookie' => '__guid=111872281.1359355482103690000.1509702285237.3625; pgv_pvi=8007761920; PHPSESSID=ke6d0kfhrjn1k73gqb9u9se4j5; monitor_count=548',
  'accept-language' => 'zh-CN,zh;q=0.8',
  'accept-encoding' => 'gzip, deflate, sdch, br',
  'accept' => 'text/html,application/xhtml+xml,application/xml;q=0.9,image/webp,*/*;q=0.8',
  'user-agent' => 'Mozilla/5.0 (Windows NT 10.0; WOW64) AppleWebKit/537.36 (KHTML, like Gecko) Chrome/55.0.2883.87 Safari/537.36',
  'upgrade-insecure-requests' => '1',
  'connection' => 'close',
  'host' => 'localhost',
)
[ info ] [ PARAM ] array (
)
[ info ] [ RUN ] app\index\controller\Index->index[ G:\phpStudy2017\PHPTutorial\WWW\jd\application\index\controller\Index.php ]
[ info ] [ DB ] INIT mysql
[ info ] [ VIEW ] G:\phpStudy2017\PHPTutorial\WWW\jd\public/../application/index\view\index\index.html [ array (
  0 => 'cate_list',
) ]
[ info ] [ SESSION ] INIT array (
  'id' => '',
  'var_session_id' => '',
  'prefix' => 'think',
  'type' => '',
  'auto_start' => true,
  'expire' => '3600',
)
[ info ] [ LOG ] INIT File
[ sql ] [ DB ] CONNECT:[ UseTime:0.010113s ] mysql:dbname=jd;host=127.0.0.1;charset=utf8
[ sql ] [ SQL ] SHOW COLUMNS FROM `jd_cate` [ RunTime:0.013715s ]
[ sql ] [ SQL ] SELECT * FROM `jd_cate` ORDER BY `cate_sort` [ RunTime:0.000419s ]
---------------------------------------------------------------
[ 2018-01-09T13:55:51+08:00 ] ::1 ::1 GET /jd/public/index.php/
[ info ] localhost/jd/public/index.php/ [运行时间：0.077720s][吞吐率：12.87req/s] [内存消耗：2,387.34kb] [文件加载：56]
[ info ] [ LANG ] G:\phpStudy2017\PHPTutorial\WWW\jd\thinkphp\lang\zh-cn.php
[ info ] [ ROUTE ] array (
  'type' => 'module',
  'module' => 
  array (
    0 => '',
    1 => NULL,
    2 => NULL,
  ),
)
[ info ] [ HEADER ] array (
  'cookie' => 'PHPSESSID=ciijbrs9f6bdtnuh3vgsfnsj60; imgupload=a%3A6%3A%7Bi%3A0%3Bs%3A1%3A%221%22%3Bi%3A1%3Bs%3A1%3A%221%22%3Bi%3A2%3Bs%3A72%3A%22%5Clayui2%5Cpublic%5Cuploads%5Cimg%5C20180109%5C76b69966bc3291fc3d6d7eb9f3a64fbc.jpg%22%3Bi%3A3%3Bs%3A72%3A%22%5Clayui2%5Cpublic%5Cuploads%5Cimg%5C20180109%5Cf17aa5f9a74514ede034df0e8fbc85b5.jpg%22%3Bi%3A4%3Bs%3A72%3A%22%5Clayui2%5Cpublic%5Cuploads%5Cimg%5C20180109%5C4afb29467c85fe8483de166f1cc02dcb.jpg%22%3Bi%3A5%3Bs%3A72%3A%22%5Clayui2%5Cpublic%5Cuploads%5Cimg%5C20180109%5C84db86b4361412e8d2b2189fe02a10a0.jpg%22%3B%7D',
  'accept-language' => 'zh-CN,zh;q=0.9',
  'accept-encoding' => 'gzip, deflate, br',
  'accept' => 'text/html,application/xhtml+xml,application/xml;q=0.9,image/webp,image/apng,*/*;q=0.8',
  'upgrade-insecure-requests' => '1',
  'user-agent' => 'Mozilla/5.0 (Windows NT 10.0; Win64; x64) AppleWebKit/537.36 (KHTML, like Gecko) Chrome/62.0.3202.75 Safari/537.36',
  'connection' => 'close',
  'host' => 'localhost',
)
[ info ] [ PARAM ] array (
)
[ info ] [ RUN ] app\index\controller\Index->index[ G:\phpStudy2017\PHPTutorial\WWW\jd\application\index\controller\Index.php ]
[ info ] [ DB ] INIT mysql
[ info ] [ VIEW ] G:\phpStudy2017\PHPTutorial\WWW\jd\public/../application/index\view\index\index.html [ array (
  0 => 'cate_list',
) ]
[ info ] [ SESSION ] INIT array (
  'id' => '',
  'var_session_id' => '',
  'prefix' => 'think',
  'type' => '',
  'auto_start' => true,
  'expire' => '3600',
)
[ info ] [ LOG ] INIT File
[ sql ] [ DB ] CONNECT:[ UseTime:0.000739s ] mysql:dbname=jd;host=127.0.0.1;charset=utf8
[ sql ] [ SQL ] SHOW COLUMNS FROM `jd_cate` [ RunTime:0.038848s ]
[ sql ] [ SQL ] SELECT * FROM `jd_cate` ORDER BY `cate_sort` [ RunTime:0.000448s ]
---------------------------------------------------------------
[ 2018-01-09T14:03:01+08:00 ] ::1 ::1 GET /jd/public/index.php/index/goods/goodslist/goods_pid/10.html
[ info ] localhost/jd/public/index.php/index/goods/goodslist/goods_pid/10.html [运行时间：0.339428s][吞吐率：2.95req/s] [内存消耗：2,548.88kb] [文件加载：66]
[ info ] [ LANG ] G:\phpStudy2017\PHPTutorial\WWW\jd\thinkphp\lang\zh-cn.php
[ info ] [ ROUTE ] array (
  'type' => 'module',
  'module' => 
  array (
    0 => 'index',
    1 => 'goods',
    2 => 'goodslist',
  ),
)
[ info ] [ HEADER ] array (
  'cookie' => 'PHPSESSID=ciijbrs9f6bdtnuh3vgsfnsj60; imgupload=a%3A6%3A%7Bi%3A0%3Bs%3A1%3A%221%22%3Bi%3A1%3Bs%3A1%3A%221%22%3Bi%3A2%3Bs%3A72%3A%22%5Clayui2%5Cpublic%5Cuploads%5Cimg%5C20180109%5C76b69966bc3291fc3d6d7eb9f3a64fbc.jpg%22%3Bi%3A3%3Bs%3A72%3A%22%5Clayui2%5Cpublic%5Cuploads%5Cimg%5C20180109%5Cf17aa5f9a74514ede034df0e8fbc85b5.jpg%22%3Bi%3A4%3Bs%3A72%3A%22%5Clayui2%5Cpublic%5Cuploads%5Cimg%5C20180109%5C4afb29467c85fe8483de166f1cc02dcb.jpg%22%3Bi%3A5%3Bs%3A72%3A%22%5Clayui2%5Cpublic%5Cuploads%5Cimg%5C20180109%5C84db86b4361412e8d2b2189fe02a10a0.jpg%22%3B%7D',
  'accept-language' => 'zh-CN,zh;q=0.9',
  'accept-encoding' => 'gzip, deflate, br',
  'referer' => 'http://localhost/jd/public/index.php/',
  'accept' => 'text/html,application/xhtml+xml,application/xml;q=0.9,image/webp,image/apng,*/*;q=0.8',
  'user-agent' => 'Mozilla/5.0 (Windows NT 10.0; Win64; x64) AppleWebKit/537.36 (KHTML, like Gecko) Chrome/62.0.3202.75 Safari/537.36',
  'upgrade-insecure-requests' => '1',
  'connection' => 'close',
  'host' => 'localhost',
)
[ info ] [ PARAM ] array (
  'goods_pid' => '10',
)
[ info ] [ RUN ] app\index\controller\Goods->goodslist[ G:\phpStudy2017\PHPTutorial\WWW\jd\application\index\controller\Goods.php ]
[ info ] [ DB ] INIT mysql
[ info ] [ VIEW ] G:\phpStudy2017\PHPTutorial\WWW\jd\public/../application/index\view\goods\goodslist.html [ array (
  0 => 'goods_pid',
  1 => 'goods_info',
  2 => 'show',
) ]
[ info ] [ SESSION ] INIT array (
  'id' => '',
  'var_session_id' => '',
  'prefix' => 'think',
  'type' => '',
  'auto_start' => true,
  'expire' => '3600',
)
[ info ] [ LOG ] INIT File
[ sql ] [ DB ] CONNECT:[ UseTime:0.000919s ] mysql:dbname=jd;host=127.0.0.1;charset=utf8
[ sql ] [ SQL ] SHOW COLUMNS FROM `jd_goods` [ RunTime:0.073084s ]
[ sql ] [ SQL ] SELECT * FROM `jd_goods` WHERE  `goods_pid` = 10  AND `goods_status` = 1 [ RunTime:0.000512s ]
[ sql ] [ SQL ] SELECT * FROM `jd_goods` WHERE  `goods_pid` = 10  AND `goods_status` = 1 ORDER BY `goods_id` [ RunTime:0.001006s ]
[ sql ] [ SQL ] SELECT * FROM `jd_goods` WHERE  `goods_id` = 6 LIMIT 1 [ RunTime:0.000949s ]
[ sql ] [ SQL ] SHOW COLUMNS FROM `jd_goods_keywords` [ RunTime:0.036439s ]
[ sql ] [ SQL ] SHOW COLUMNS FROM `jd_keywords` [ RunTime:0.019258s ]
[ sql ] [ SQL ] SELECT `jd_keywords`.*,pivot.goods_id AS pivot__goods_id,pivot.keywords_id AS pivot__keywords_id FROM `jd_keywords` INNER JOIN `jd_goods_keywords` `pivot` ON `pivot`.`keywords_id`=`jd_keywords`.`keywords_id` WHERE  `pivot`.`goods_id` = 6 [ RunTime:0.015234s ]
[ sql ] [ SQL ] SHOW COLUMNS FROM `jd_cate` [ RunTime:0.017917s ]
[ sql ] [ SQL ] SELECT * FROM `jd_cate` WHERE  `cate_id` = 10 LIMIT 1 [ RunTime:0.000374s ]
[ sql ] [ SQL ] SELECT * FROM `jd_goods` WHERE  `goods_id` = 8 LIMIT 1 [ RunTime:0.000319s ]
[ sql ] [ SQL ] SELECT `jd_keywords`.*,pivot.goods_id AS pivot__goods_id,pivot.keywords_id AS pivot__keywords_id FROM `jd_keywords` INNER JOIN `jd_goods_keywords` `pivot` ON `pivot`.`keywords_id`=`jd_keywords`.`keywords_id` WHERE  `pivot`.`goods_id` = 8 [ RunTime:0.000325s ]
[ sql ] [ SQL ] SELECT * FROM `jd_cate` WHERE  `cate_id` = 10 LIMIT 1 [ RunTime:0.000281s ]
[ sql ] [ SQL ] SELECT * FROM `jd_goods` WHERE  `goods_id` = 9 LIMIT 1 [ RunTime:0.000301s ]
[ sql ] [ SQL ] SELECT `jd_keywords`.*,pivot.goods_id AS pivot__goods_id,pivot.keywords_id AS pivot__keywords_id FROM `jd_keywords` INNER JOIN `jd_goods_keywords` `pivot` ON `pivot`.`keywords_id`=`jd_keywords`.`keywords_id` WHERE  `pivot`.`goods_id` = 9 [ RunTime:0.000319s ]
[ sql ] [ SQL ] SELECT * FROM `jd_cate` WHERE  `cate_id` = 10 LIMIT 1 [ RunTime:0.000276s ]
[ sql ] [ SQL ] SELECT * FROM `jd_goods` WHERE  `goods_id` = 21 LIMIT 1 [ RunTime:0.000295s ]
[ sql ] [ SQL ] SELECT `jd_keywords`.*,pivot.goods_id AS pivot__goods_id,pivot.keywords_id AS pivot__keywords_id FROM `jd_keywords` INNER JOIN `jd_goods_keywords` `pivot` ON `pivot`.`keywords_id`=`jd_keywords`.`keywords_id` WHERE  `pivot`.`goods_id` = 21 [ RunTime:0.000297s ]
[ sql ] [ SQL ] SELECT * FROM `jd_cate` WHERE  `cate_id` = 10 LIMIT 1 [ RunTime:0.000271s ]
[ sql ] [ SQL ] SELECT * FROM `jd_goods` WHERE  `goods_id` = 22 LIMIT 1 [ RunTime:0.000294s ]
[ sql ] [ SQL ] SELECT `jd_keywords`.*,pivot.goods_id AS pivot__goods_id,pivot.keywords_id AS pivot__keywords_id FROM `jd_keywords` INNER JOIN `jd_goods_keywords` `pivot` ON `pivot`.`keywords_id`=`jd_keywords`.`keywords_id` WHERE  `pivot`.`goods_id` = 22 [ RunTime:0.000296s ]
[ sql ] [ SQL ] SELECT * FROM `jd_cate` WHERE  `cate_id` = 10 LIMIT 1 [ RunTime:0.000266s ]
[ sql ] [ SQL ] SELECT * FROM `jd_goods` WHERE  `goods_id` = 23 LIMIT 1 [ RunTime:0.000295s ]
[ sql ] [ SQL ] SELECT `jd_keywords`.*,pivot.goods_id AS pivot__goods_id,pivot.keywords_id AS pivot__keywords_id FROM `jd_keywords` INNER JOIN `jd_goods_keywords` `pivot` ON `pivot`.`keywords_id`=`jd_keywords`.`keywords_id` WHERE  `pivot`.`goods_id` = 23 [ RunTime:0.000291s ]
[ sql ] [ SQL ] SELECT * FROM `jd_cate` WHERE  `cate_id` = 10 LIMIT 1 [ RunTime:0.000263s ]
[ sql ] [ SQL ] SELECT * FROM `jd_goods` WHERE  `goods_id` = 25 LIMIT 1 [ RunTime:0.000291s ]
[ sql ] [ SQL ] SELECT `jd_keywords`.*,pivot.goods_id AS pivot__goods_id,pivot.keywords_id AS pivot__keywords_id FROM `jd_keywords` INNER JOIN `jd_goods_keywords` `pivot` ON `pivot`.`keywords_id`=`jd_keywords`.`keywords_id` WHERE  `pivot`.`goods_id` = 25 [ RunTime:0.000297s ]
[ sql ] [ SQL ] SELECT * FROM `jd_cate` WHERE  `cate_id` = 10 LIMIT 1 [ RunTime:0.000375s ]
[ sql ] [ SQL ] SELECT * FROM `jd_goods` WHERE  `goods_id` = 26 LIMIT 1 [ RunTime:0.000487s ]
[ sql ] [ SQL ] SELECT `jd_keywords`.*,pivot.goods_id AS pivot__goods_id,pivot.keywords_id AS pivot__keywords_id FROM `jd_keywords` INNER JOIN `jd_goods_keywords` `pivot` ON `pivot`.`keywords_id`=`jd_keywords`.`keywords_id` WHERE  `pivot`.`goods_id` = 26 [ RunTime:0.000443s ]
[ sql ] [ SQL ] SELECT * FROM `jd_cate` WHERE  `cate_id` = 10 LIMIT 1 [ RunTime:0.000326s ]
[ sql ] [ SQL ] SELECT * FROM `jd_goods` WHERE  `goods_id` = 27 LIMIT 1 [ RunTime:0.000312s ]
[ sql ] [ SQL ] SELECT `jd_keywords`.*,pivot.goods_id AS pivot__goods_id,pivot.keywords_id AS pivot__keywords_id FROM `jd_keywords` INNER JOIN `jd_goods_keywords` `pivot` ON `pivot`.`keywords_id`=`jd_keywords`.`keywords_id` WHERE  `pivot`.`goods_id` = 27 [ RunTime:0.000305s ]
[ sql ] [ SQL ] SELECT * FROM `jd_cate` WHERE  `cate_id` = 10 LIMIT 1 [ RunTime:0.000348s ]
---------------------------------------------------------------
[ 2018-01-09T14:03:01+08:00 ] ::1 ::1 GET /jd/public/index.php/index/goods/goodslist/js/script.js
[ info ] localhost/jd/public/index.php/index/goods/goodslist/js/script.js [运行时间：0.028627s][吞吐率：34.93req/s] [内存消耗：1,408.66kb] [文件加载：46]
[ info ] [ LANG ] G:\phpStudy2017\PHPTutorial\WWW\jd\thinkphp\lang\zh-cn.php
[ info ] [ ROUTE ] array (
  'type' => 'module',
  'module' => 
  array (
    0 => 'index',
    1 => 'goods',
    2 => 'goodslist',
  ),
)
[ info ] [ HEADER ] array (
  'cookie' => 'PHPSESSID=ciijbrs9f6bdtnuh3vgsfnsj60; imgupload=a%3A6%3A%7Bi%3A0%3Bs%3A1%3A%221%22%3Bi%3A1%3Bs%3A1%3A%221%22%3Bi%3A2%3Bs%3A72%3A%22%5Clayui2%5Cpublic%5Cuploads%5Cimg%5C20180109%5C76b69966bc3291fc3d6d7eb9f3a64fbc.jpg%22%3Bi%3A3%3Bs%3A72%3A%22%5Clayui2%5Cpublic%5Cuploads%5Cimg%5C20180109%5Cf17aa5f9a74514ede034df0e8fbc85b5.jpg%22%3Bi%3A4%3Bs%3A72%3A%22%5Clayui2%5Cpublic%5Cuploads%5Cimg%5C20180109%5C4afb29467c85fe8483de166f1cc02dcb.jpg%22%3Bi%3A5%3Bs%3A72%3A%22%5Clayui2%5Cpublic%5Cuploads%5Cimg%5C20180109%5C84db86b4361412e8d2b2189fe02a10a0.jpg%22%3B%7D',
  'accept-language' => 'zh-CN,zh;q=0.9',
  'accept-encoding' => 'gzip, deflate, br',
  'referer' => 'http://localhost/jd/public/index.php/index/goods/goodslist/goods_pid/10.html',
  'accept' => '*/*',
  'user-agent' => 'Mozilla/5.0 (Windows NT 10.0; Win64; x64) AppleWebKit/537.36 (KHTML, like Gecko) Chrome/62.0.3202.75 Safari/537.36',
  'connection' => 'close',
  'host' => 'localhost',
)
[ info ] [ PARAM ] array (
  'js' => 'script.js',
)
[ info ] [ RUN ] app\index\controller\Goods->goodslist[ G:\phpStudy2017\PHPTutorial\WWW\jd\application\index\controller\Goods.php ]
[ info ] [ LOG ] INIT File
---------------------------------------------------------------
[ 2018-01-09T14:03:01+08:00 ] ::1 ::1 GET /jd/public/index.php/index/index/index.html
[ info ] localhost/jd/public/index.php/index/index/index.html [运行时间：0.050757s][吞吐率：19.70req/s] [内存消耗：2,387.47kb] [文件加载：56]
[ info ] [ LANG ] G:\phpStudy2017\PHPTutorial\WWW\jd\thinkphp\lang\zh-cn.php
[ info ] [ ROUTE ] array (
  'type' => 'module',
  'module' => 
  array (
    0 => 'index',
    1 => 'index',
    2 => 'index',
  ),
)
[ info ] [ HEADER ] array (
  'cookie' => 'PHPSESSID=ciijbrs9f6bdtnuh3vgsfnsj60; imgupload=a%3A6%3A%7Bi%3A0%3Bs%3A1%3A%221%22%3Bi%3A1%3Bs%3A1%3A%221%22%3Bi%3A2%3Bs%3A72%3A%22%5Clayui2%5Cpublic%5Cuploads%5Cimg%5C20180109%5C76b69966bc3291fc3d6d7eb9f3a64fbc.jpg%22%3Bi%3A3%3Bs%3A72%3A%22%5Clayui2%5Cpublic%5Cuploads%5Cimg%5C20180109%5Cf17aa5f9a74514ede034df0e8fbc85b5.jpg%22%3Bi%3A4%3Bs%3A72%3A%22%5Clayui2%5Cpublic%5Cuploads%5Cimg%5C20180109%5C4afb29467c85fe8483de166f1cc02dcb.jpg%22%3Bi%3A5%3Bs%3A72%3A%22%5Clayui2%5Cpublic%5Cuploads%5Cimg%5C20180109%5C84db86b4361412e8d2b2189fe02a10a0.jpg%22%3B%7D',
  'accept-language' => 'zh-CN,zh;q=0.9',
  'accept-encoding' => 'gzip, deflate, br',
  'referer' => 'http://localhost/jd/public/index.php/index/goods/goodslist/goods_pid/10.html',
  'accept' => '*/*',
  'user-agent' => 'Mozilla/5.0 (Windows NT 10.0; Win64; x64) AppleWebKit/537.36 (KHTML, like Gecko) Chrome/62.0.3202.75 Safari/537.36',
  'connection' => 'close',
  'host' => 'localhost',
)
[ info ] [ PARAM ] array (
)
[ info ] [ RUN ] app\index\controller\Index->index[ G:\phpStudy2017\PHPTutorial\WWW\jd\application\index\controller\Index.php ]
[ info ] [ DB ] INIT mysql
[ info ] [ VIEW ] G:\phpStudy2017\PHPTutorial\WWW\jd\public/../application/index\view\index\index.html [ array (
  0 => 'cate_list',
) ]
[ info ] [ SESSION ] INIT array (
  'id' => '',
  'var_session_id' => '',
  'prefix' => 'think',
  'type' => '',
  'auto_start' => true,
  'expire' => '3600',
)
[ info ] [ LOG ] INIT File
[ sql ] [ DB ] CONNECT:[ UseTime:0.000758s ] mysql:dbname=jd;host=127.0.0.1;charset=utf8
[ sql ] [ SQL ] SHOW COLUMNS FROM `jd_cate` [ RunTime:0.014558s ]
[ sql ] [ SQL ] SELECT * FROM `jd_cate` ORDER BY `cate_sort` [ RunTime:0.000511s ]
---------------------------------------------------------------
[ 2018-01-09T14:03:03+08:00 ] ::1 ::1 GET /jd/public/index.php/index/goods/introduction/goods_id/6.html
[ info ] localhost/jd/public/index.php/index/goods/introduction/goods_id/6.html [运行时间：0.297385s][吞吐率：3.36req/s] [内存消耗：2,622.25kb] [文件加载：72]
[ info ] [ LANG ] G:\phpStudy2017\PHPTutorial\WWW\jd\thinkphp\lang\zh-cn.php
[ info ] [ ROUTE ] array (
  'type' => 'module',
  'module' => 
  array (
    0 => 'index',
    1 => 'goods',
    2 => 'introduction',
  ),
)
[ info ] [ HEADER ] array (
  'cookie' => 'PHPSESSID=ciijbrs9f6bdtnuh3vgsfnsj60; imgupload=a%3A6%3A%7Bi%3A0%3Bs%3A1%3A%221%22%3Bi%3A1%3Bs%3A1%3A%221%22%3Bi%3A2%3Bs%3A72%3A%22%5Clayui2%5Cpublic%5Cuploads%5Cimg%5C20180109%5C76b69966bc3291fc3d6d7eb9f3a64fbc.jpg%22%3Bi%3A3%3Bs%3A72%3A%22%5Clayui2%5Cpublic%5Cuploads%5Cimg%5C20180109%5Cf17aa5f9a74514ede034df0e8fbc85b5.jpg%22%3Bi%3A4%3Bs%3A72%3A%22%5Clayui2%5Cpublic%5Cuploads%5Cimg%5C20180109%5C4afb29467c85fe8483de166f1cc02dcb.jpg%22%3Bi%3A5%3Bs%3A72%3A%22%5Clayui2%5Cpublic%5Cuploads%5Cimg%5C20180109%5C84db86b4361412e8d2b2189fe02a10a0.jpg%22%3B%7D',
  'accept-language' => 'zh-CN,zh;q=0.9',
  'accept-encoding' => 'gzip, deflate, br',
  'referer' => 'http://localhost/jd/public/index.php/index/goods/goodslist/goods_pid/10.html',
  'accept' => 'text/html,application/xhtml+xml,application/xml;q=0.9,image/webp,image/apng,*/*;q=0.8',
  'user-agent' => 'Mozilla/5.0 (Windows NT 10.0; Win64; x64) AppleWebKit/537.36 (KHTML, like Gecko) Chrome/62.0.3202.75 Safari/537.36',
  'upgrade-insecure-requests' => '1',
  'connection' => 'close',
  'host' => 'localhost',
)
[ info ] [ PARAM ] array (
  'goods_id' => '6',
)
[ info ] [ RUN ] app\index\controller\Goods->introduction[ G:\phpStudy2017\PHPTutorial\WWW\jd\application\index\controller\Goods.php ]
[ info ] [ DB ] INIT mysql
[ info ] [ VIEW ] G:\phpStudy2017\PHPTutorial\WWW\jd\public/../application/index\view\goods\introduction.html [ array (
  0 => 'goods_introduction',
  1 => 'cate_in',
  2 => 'goods_comments',
  3 => 'show',
) ]
[ info ] [ SESSION ] INIT array (
  'id' => '',
  'var_session_id' => '',
  'prefix' => 'think',
  'type' => '',
  'auto_start' => true,
  'expire' => '3600',
)
[ info ] [ LOG ] INIT File
[ sql ] [ DB ] CONNECT:[ UseTime:0.009993s ] mysql:dbname=jd;host=127.0.0.1;charset=utf8
[ sql ] [ SQL ] SHOW COLUMNS FROM `jd_goods` [ RunTime:0.014408s ]
[ sql ] [ SQL ] SELECT * FROM `jd_goods` WHERE  `goods_id` = 6 LIMIT 1 [ RunTime:0.000475s ]
[ sql ] [ SQL ] SELECT * FROM `jd_goods` WHERE  `goods_id` = 6 LIMIT 1 [ RunTime:0.000370s ]
[ sql ] [ SQL ] SHOW COLUMNS FROM `jd_goods_keywords` [ RunTime:0.014655s ]
[ sql ] [ SQL ] SHOW COLUMNS FROM `jd_keywords` [ RunTime:0.014770s ]
[ sql ] [ SQL ] SELECT `jd_keywords`.*,pivot.goods_id AS pivot__goods_id,pivot.keywords_id AS pivot__keywords_id FROM `jd_keywords` INNER JOIN `jd_goods_keywords` `pivot` ON `pivot`.`keywords_id`=`jd_keywords`.`keywords_id` WHERE  `pivot`.`goods_id` = 6 [ RunTime:0.000507s ]
[ sql ] [ SQL ] SHOW COLUMNS FROM `jd_img` [ RunTime:0.015002s ]
[ sql ] [ SQL ] SELECT * FROM `jd_img` WHERE  `goods_id` = 6 [ RunTime:0.000326s ]
[ sql ] [ SQL ] SHOW COLUMNS FROM `jd_goodsproperty` [ RunTime:0.015821s ]
[ sql ] [ SQL ] SELECT * FROM `jd_goodsproperty` WHERE  `goods_id` = 6 [ RunTime:0.000373s ]
[ sql ] [ SQL ] SHOW COLUMNS FROM `jd_property` [ RunTime:0.040596s ]
[ sql ] [ SQL ] SELECT * FROM `jd_property` WHERE  `property_id` = 3 LIMIT 1 [ RunTime:0.000306s ]
[ sql ] [ SQL ] SELECT * FROM `jd_property` WHERE  `property_id` = 4 LIMIT 1 [ RunTime:0.000258s ]
[ sql ] [ SQL ] SHOW COLUMNS FROM `jd_cate` [ RunTime:0.014191s ]
[ sql ] [ SQL ] SELECT * FROM `jd_cate` [ RunTime:0.000444s ]
[ sql ] [ SQL ] SHOW COLUMNS FROM `jd_commentgoods` [ RunTime:0.031501s ]
[ sql ] [ SQL ] SELECT * FROM `jd_commentgoods` WHERE  `goods_id` = 6 [ RunTime:0.000389s ]
[ sql ] [ SQL ] SHOW COLUMNS FROM `jd_user` [ RunTime:0.016078s ]
[ sql ] [ SQL ] SELECT * FROM `jd_user` WHERE  `user_id` = 8 LIMIT 1 [ RunTime:0.000414s ]
[ sql ] [ SQL ] SHOW COLUMNS FROM `jd_order` [ RunTime:0.017206s ]
[ sql ] [ SQL ] SELECT * FROM `jd_order` WHERE  `order_id` = 24 LIMIT 1 [ RunTime:0.000392s ]
---------------------------------------------------------------
[ 2018-01-09T14:03:27+08:00 ] ::1 ::1 GET /jd/public/index.php/index/goods/goodslist/goods_pid/10.html
[ info ] localhost/jd/public/index.php/index/goods/goodslist/goods_pid/10.html [运行时间：0.134866s][吞吐率：7.41req/s] [内存消耗：2,548.88kb] [文件加载：66]
[ info ] [ LANG ] G:\phpStudy2017\PHPTutorial\WWW\jd\thinkphp\lang\zh-cn.php
[ info ] [ ROUTE ] array (
  'type' => 'module',
  'module' => 
  array (
    0 => 'index',
    1 => 'goods',
    2 => 'goodslist',
  ),
)
[ info ] [ HEADER ] array (
  'cookie' => 'PHPSESSID=ciijbrs9f6bdtnuh3vgsfnsj60; imgupload=a%3A6%3A%7Bi%3A0%3Bs%3A1%3A%221%22%3Bi%3A1%3Bs%3A1%3A%221%22%3Bi%3A2%3Bs%3A72%3A%22%5Clayui2%5Cpublic%5Cuploads%5Cimg%5C20180109%5C76b69966bc3291fc3d6d7eb9f3a64fbc.jpg%22%3Bi%3A3%3Bs%3A72%3A%22%5Clayui2%5Cpublic%5Cuploads%5Cimg%5C20180109%5Cf17aa5f9a74514ede034df0e8fbc85b5.jpg%22%3Bi%3A4%3Bs%3A72%3A%22%5Clayui2%5Cpublic%5Cuploads%5Cimg%5C20180109%5C4afb29467c85fe8483de166f1cc02dcb.jpg%22%3Bi%3A5%3Bs%3A72%3A%22%5Clayui2%5Cpublic%5Cuploads%5Cimg%5C20180109%5C84db86b4361412e8d2b2189fe02a10a0.jpg%22%3B%7D',
  'accept-language' => 'zh-CN,zh;q=0.9',
  'accept-encoding' => 'gzip, deflate, br',
  'referer' => 'http://localhost/jd/public/index.php/',
  'accept' => 'text/html,application/xhtml+xml,application/xml;q=0.9,image/webp,image/apng,*/*;q=0.8',
  'upgrade-insecure-requests' => '1',
  'user-agent' => 'Mozilla/5.0 (Windows NT 10.0; Win64; x64) AppleWebKit/537.36 (KHTML, like Gecko) Chrome/62.0.3202.75 Safari/537.36',
  'connection' => 'close',
  'host' => 'localhost',
)
[ info ] [ PARAM ] array (
  'goods_pid' => '10',
)
[ info ] [ RUN ] app\index\controller\Goods->goodslist[ G:\phpStudy2017\PHPTutorial\WWW\jd\application\index\controller\Goods.php ]
[ info ] [ DB ] INIT mysql
[ info ] [ VIEW ] G:\phpStudy2017\PHPTutorial\WWW\jd\public/../application/index\view\goods\goodslist.html [ array (
  0 => 'goods_pid',
  1 => 'goods_info',
  2 => 'show',
) ]
[ info ] [ SESSION ] INIT array (
  'id' => '',
  'var_session_id' => '',
  'prefix' => 'think',
  'type' => '',
  'auto_start' => true,
  'expire' => '3600',
)
[ info ] [ LOG ] INIT File
[ sql ] [ DB ] CONNECT:[ UseTime:0.009752s ] mysql:dbname=jd;host=127.0.0.1;charset=utf8
[ sql ] [ SQL ] SHOW COLUMNS FROM `jd_goods` [ RunTime:0.016060s ]
[ sql ] [ SQL ] SELECT * FROM `jd_goods` WHERE  `goods_pid` = 10  AND `goods_status` = 1 [ RunTime:0.000466s ]
[ sql ] [ SQL ] SELECT * FROM `jd_goods` WHERE  `goods_pid` = 10  AND `goods_status` = 1 ORDER BY `goods_id` [ RunTime:0.000607s ]
[ sql ] [ SQL ] SELECT * FROM `jd_goods` WHERE  `goods_id` = 6 LIMIT 1 [ RunTime:0.000400s ]
[ sql ] [ SQL ] SHOW COLUMNS FROM `jd_goods_keywords` [ RunTime:0.015455s ]
[ sql ] [ SQL ] SHOW COLUMNS FROM `jd_keywords` [ RunTime:0.015369s ]
[ sql ] [ SQL ] SELECT `jd_keywords`.*,pivot.goods_id AS pivot__goods_id,pivot.keywords_id AS pivot__keywords_id FROM `jd_keywords` INNER JOIN `jd_goods_keywords` `pivot` ON `pivot`.`keywords_id`=`jd_keywords`.`keywords_id` WHERE  `pivot`.`goods_id` = 6 [ RunTime:0.000400s ]
[ sql ] [ SQL ] SHOW COLUMNS FROM `jd_cate` [ RunTime:0.014900s ]
[ sql ] [ SQL ] SELECT * FROM `jd_cate` WHERE  `cate_id` = 10 LIMIT 1 [ RunTime:0.000356s ]
[ sql ] [ SQL ] SELECT * FROM `jd_goods` WHERE  `goods_id` = 8 LIMIT 1 [ RunTime:0.000292s ]
[ sql ] [ SQL ] SELECT `jd_keywords`.*,pivot.goods_id AS pivot__goods_id,pivot.keywords_id AS pivot__keywords_id FROM `jd_keywords` INNER JOIN `jd_goods_keywords` `pivot` ON `pivot`.`keywords_id`=`jd_keywords`.`keywords_id` WHERE  `pivot`.`goods_id` = 8 [ RunTime:0.000302s ]
[ sql ] [ SQL ] SELECT * FROM `jd_cate` WHERE  `cate_id` = 10 LIMIT 1 [ RunTime:0.000273s ]
[ sql ] [ SQL ] SELECT * FROM `jd_goods` WHERE  `goods_id` = 9 LIMIT 1 [ RunTime:0.000295s ]
[ sql ] [ SQL ] SELECT `jd_keywords`.*,pivot.goods_id AS pivot__goods_id,pivot.keywords_id AS pivot__keywords_id FROM `jd_keywords` INNER JOIN `jd_goods_keywords` `pivot` ON `pivot`.`keywords_id`=`jd_keywords`.`keywords_id` WHERE  `pivot`.`goods_id` = 9 [ RunTime:0.000312s ]
[ sql ] [ SQL ] SELECT * FROM `jd_cate` WHERE  `cate_id` = 10 LIMIT 1 [ RunTime:0.000281s ]
[ sql ] [ SQL ] SELECT * FROM `jd_goods` WHERE  `goods_id` = 21 LIMIT 1 [ RunTime:0.000290s ]
[ sql ] [ SQL ] SELECT `jd_keywords`.*,pivot.goods_id AS pivot__goods_id,pivot.keywords_id AS pivot__keywords_id FROM `jd_keywords` INNER JOIN `jd_goods_keywords` `pivot` ON `pivot`.`keywords_id`=`jd_keywords`.`keywords_id` WHERE  `pivot`.`goods_id` = 21 [ RunTime:0.000278s ]
[ sql ] [ SQL ] SELECT * FROM `jd_cate` WHERE  `cate_id` = 10 LIMIT 1 [ RunTime:0.000259s ]
[ sql ] [ SQL ] SELECT * FROM `jd_goods` WHERE  `goods_id` = 22 LIMIT 1 [ RunTime:0.000245s ]
[ sql ] [ SQL ] SELECT `jd_keywords`.*,pivot.goods_id AS pivot__goods_id,pivot.keywords_id AS pivot__keywords_id FROM `jd_keywords` INNER JOIN `jd_goods_keywords` `pivot` ON `pivot`.`keywords_id`=`jd_keywords`.`keywords_id` WHERE  `pivot`.`goods_id` = 22 [ RunTime:0.000246s ]
[ sql ] [ SQL ] SELECT * FROM `jd_cate` WHERE  `cate_id` = 10 LIMIT 1 [ RunTime:0.000223s ]
[ sql ] [ SQL ] SELECT * FROM `jd_goods` WHERE  `goods_id` = 23 LIMIT 1 [ RunTime:0.000317s ]
[ sql ] [ SQL ] SELECT `jd_keywords`.*,pivot.goods_id AS pivot__goods_id,pivot.keywords_id AS pivot__keywords_id FROM `jd_keywords` INNER JOIN `jd_goods_keywords` `pivot` ON `pivot`.`keywords_id`=`jd_keywords`.`keywords_id` WHERE  `pivot`.`goods_id` = 23 [ RunTime:0.000311s ]
[ sql ] [ SQL ] SELECT * FROM `jd_cate` WHERE  `cate_id` = 10 LIMIT 1 [ RunTime:0.000324s ]
[ sql ] [ SQL ] SELECT * FROM `jd_goods` WHERE  `goods_id` = 25 LIMIT 1 [ RunTime:0.000303s ]
[ sql ] [ SQL ] SELECT `jd_keywords`.*,pivot.goods_id AS pivot__goods_id,pivot.keywords_id AS pivot__keywords_id FROM `jd_keywords` INNER JOIN `jd_goods_keywords` `pivot` ON `pivot`.`keywords_id`=`jd_keywords`.`keywords_id` WHERE  `pivot`.`goods_id` = 25 [ RunTime:0.000381s ]
[ sql ] [ SQL ] SELECT * FROM `jd_cate` WHERE  `cate_id` = 10 LIMIT 1 [ RunTime:0.000284s ]
[ sql ] [ SQL ] SELECT * FROM `jd_goods` WHERE  `goods_id` = 26 LIMIT 1 [ RunTime:0.000257s ]
[ sql ] [ SQL ] SELECT `jd_keywords`.*,pivot.goods_id AS pivot__goods_id,pivot.keywords_id AS pivot__keywords_id FROM `jd_keywords` INNER JOIN `jd_goods_keywords` `pivot` ON `pivot`.`keywords_id`=`jd_keywords`.`keywords_id` WHERE  `pivot`.`goods_id` = 26 [ RunTime:0.000398s ]
[ sql ] [ SQL ] SELECT * FROM `jd_cate` WHERE  `cate_id` = 10 LIMIT 1 [ RunTime:0.000349s ]
[ sql ] [ SQL ] SELECT * FROM `jd_goods` WHERE  `goods_id` = 27 LIMIT 1 [ RunTime:0.000354s ]
[ sql ] [ SQL ] SELECT `jd_keywords`.*,pivot.goods_id AS pivot__goods_id,pivot.keywords_id AS pivot__keywords_id FROM `jd_keywords` INNER JOIN `jd_goods_keywords` `pivot` ON `pivot`.`keywords_id`=`jd_keywords`.`keywords_id` WHERE  `pivot`.`goods_id` = 27 [ RunTime:0.000331s ]
[ sql ] [ SQL ] SELECT * FROM `jd_cate` WHERE  `cate_id` = 10 LIMIT 1 [ RunTime:0.000391s ]
---------------------------------------------------------------
[ 2018-01-09T14:03:27+08:00 ] ::1 ::1 GET /jd/public/index.php/index/index/index.html
[ info ] localhost/jd/public/index.php/index/index/index.html [运行时间：0.057751s][吞吐率：17.32req/s] [内存消耗：2,387.47kb] [文件加载：56]
[ info ] [ LANG ] G:\phpStudy2017\PHPTutorial\WWW\jd\thinkphp\lang\zh-cn.php
[ info ] [ ROUTE ] array (
  'type' => 'module',
  'module' => 
  array (
    0 => 'index',
    1 => 'index',
    2 => 'index',
  ),
)
[ info ] [ HEADER ] array (
  'cookie' => 'PHPSESSID=ciijbrs9f6bdtnuh3vgsfnsj60; imgupload=a%3A6%3A%7Bi%3A0%3Bs%3A1%3A%221%22%3Bi%3A1%3Bs%3A1%3A%221%22%3Bi%3A2%3Bs%3A72%3A%22%5Clayui2%5Cpublic%5Cuploads%5Cimg%5C20180109%5C76b69966bc3291fc3d6d7eb9f3a64fbc.jpg%22%3Bi%3A3%3Bs%3A72%3A%22%5Clayui2%5Cpublic%5Cuploads%5Cimg%5C20180109%5Cf17aa5f9a74514ede034df0e8fbc85b5.jpg%22%3Bi%3A4%3Bs%3A72%3A%22%5Clayui2%5Cpublic%5Cuploads%5Cimg%5C20180109%5C4afb29467c85fe8483de166f1cc02dcb.jpg%22%3Bi%3A5%3Bs%3A72%3A%22%5Clayui2%5Cpublic%5Cuploads%5Cimg%5C20180109%5C84db86b4361412e8d2b2189fe02a10a0.jpg%22%3B%7D',
  'accept-language' => 'zh-CN,zh;q=0.9',
  'accept-encoding' => 'gzip, deflate, br',
  'referer' => 'http://localhost/jd/public/index.php/index/goods/goodslist/goods_pid/10.html',
  'accept' => '*/*',
  'user-agent' => 'Mozilla/5.0 (Windows NT 10.0; Win64; x64) AppleWebKit/537.36 (KHTML, like Gecko) Chrome/62.0.3202.75 Safari/537.36',
  'connection' => 'close',
  'host' => 'localhost',
)
[ info ] [ PARAM ] array (
)
[ info ] [ RUN ] app\index\controller\Index->index[ G:\phpStudy2017\PHPTutorial\WWW\jd\application\index\controller\Index.php ]
[ info ] [ DB ] INIT mysql
[ info ] [ VIEW ] G:\phpStudy2017\PHPTutorial\WWW\jd\public/../application/index\view\index\index.html [ array (
  0 => 'cate_list',
) ]
[ info ] [ SESSION ] INIT array (
  'id' => '',
  'var_session_id' => '',
  'prefix' => 'think',
  'type' => '',
  'auto_start' => true,
  'expire' => '3600',
)
[ info ] [ LOG ] INIT File
[ sql ] [ DB ] CONNECT:[ UseTime:0.000757s ] mysql:dbname=jd;host=127.0.0.1;charset=utf8
[ sql ] [ SQL ] SHOW COLUMNS FROM `jd_cate` [ RunTime:0.015317s ]
[ sql ] [ SQL ] SELECT * FROM `jd_cate` ORDER BY `cate_sort` [ RunTime:0.000396s ]
