---------------------------------------------------------------
[ 2018-01-15T16:40:43+08:00 ] ::1 ::1 GET /jd/public/index.php/admin/cate/catelist.html
[ info ] localhost/jd/public/index.php/admin/cate/catelist.html [运行时间：0.321587s][吞吐率：3.11req/s] [内存消耗：2,359.74kb] [文件加载：60]
[ info ] [ LANG ] G:\phpStudy2017\PHPTutorial\WWW\jd\thinkphp\lang\zh-cn.php
[ info ] [ ROUTE ] array (
  'type' => 'module',
  'module' => 
  array (
    0 => 'admin',
    1 => 'cate',
    2 => 'catelist',
  ),
)
[ info ] [ HEADER ] array (
  'cookie' => 'PHPSESSID=4n4ha612cv3h9jqardaed102q0; imgupload2=a%3A1%3A%7Bi%3A0%3Bs%3A72%3A%22%5Clayui2%5Cpublic%5Cuploads%5Cpng%5C20180115%5Cdb8414c59e8bc21c6d511cb385fbe73b.png%22%3B%7D; imgupload=a%3A3%3A%7Bi%3A0%3Bs%3A72%3A%22%5Clayui2%5Cpublic%5Cuploads%5Cimg%5C20180115%5C95b0ad5a366643bf8ff2924bde65494c.jpg%22%3Bi%3A1%3Bs%3A72%3A%22%5Clayui2%5Cpublic%5Cuploads%5Cimg%5C20180115%5Cd9f016e2a24082d2599f2eb5b864d971.jpg%22%3Bi%3A2%3Bs%3A72%3A%22%5Clayui2%5Cpublic%5Cuploads%5Cimg%5C20180115%5C7b0648f7182e0eba2fc1e503ebd0078a.jpg%22%3B%7D',
  'accept-language' => 'zh-CN,zh;q=0.9',
  'accept-encoding' => 'gzip, deflate, br',
  'accept' => 'text/html,application/xhtml+xml,application/xml;q=0.9,image/webp,image/apng,*/*;q=0.8',
  'upgrade-insecure-requests' => '1',
  'user-agent' => 'Mozilla/5.0 (Windows NT 10.0; Win64; x64) AppleWebKit/537.36 (KHTML, like Gecko) Chrome/62.0.3202.75 Safari/537.36',
  'connection' => 'close',
  'host' => 'localhost',
)
[ info ] [ PARAM ] array (
)
[ info ] [ SESSION ] INIT array (
  'id' => '',
  'var_session_id' => '',
  'prefix' => 'think',
  'type' => '',
  'auto_start' => true,
  'expire' => '3600',
)
[ info ] [ RUN ] app\admin\controller\Cate->catelist[ G:\phpStudy2017\PHPTutorial\WWW\jd\application\admin\controller\Cate.php ]
[ info ] [ DB ] INIT mysql
[ info ] [ VIEW ] G:\phpStudy2017\PHPTutorial\WWW\jd\public/../application/admin\view\cate\catelist.html [ array (
  0 => 'show',
  1 => 'cate_list',
) ]
[ info ] [ LOG ] INIT File
[ sql ] [ DB ] CONNECT:[ UseTime:0.012155s ] mysql:dbname=jd;host=127.0.0.1;charset=utf8
[ sql ] [ SQL ] SHOW COLUMNS FROM `jd_cate` [ RunTime:0.076193s ]
[ sql ] [ SQL ] SELECT * FROM `jd_cate` ORDER BY `cate_sort` [ RunTime:0.000557s ]
---------------------------------------------------------------
[ 2018-01-15T16:40:49+08:00 ] ::1 ::1 GET /jd/public/index.php/index/cate/catelist.html
[ info ] localhost/jd/public/index.php/index/cate/catelist.html [运行时间：0.108765s][吞吐率：9.19req/s] [内存消耗：1,198.36kb] [文件加载：40]
[ info ] [ LANG ] G:\phpStudy2017\PHPTutorial\WWW\jd\thinkphp\lang\zh-cn.php
[ info ] [ ROUTE ] array (
  'type' => 'module',
  'module' => 
  array (
    0 => 'index',
    1 => 'cate',
    2 => 'catelist',
  ),
)
[ info ] [ HEADER ] array (
  'cookie' => 'PHPSESSID=4n4ha612cv3h9jqardaed102q0; imgupload2=a%3A1%3A%7Bi%3A0%3Bs%3A72%3A%22%5Clayui2%5Cpublic%5Cuploads%5Cpng%5C20180115%5Cdb8414c59e8bc21c6d511cb385fbe73b.png%22%3B%7D; imgupload=a%3A3%3A%7Bi%3A0%3Bs%3A72%3A%22%5Clayui2%5Cpublic%5Cuploads%5Cimg%5C20180115%5C95b0ad5a366643bf8ff2924bde65494c.jpg%22%3Bi%3A1%3Bs%3A72%3A%22%5Clayui2%5Cpublic%5Cuploads%5Cimg%5C20180115%5Cd9f016e2a24082d2599f2eb5b864d971.jpg%22%3Bi%3A2%3Bs%3A72%3A%22%5Clayui2%5Cpublic%5Cuploads%5Cimg%5C20180115%5C7b0648f7182e0eba2fc1e503ebd0078a.jpg%22%3B%7D',
  'accept-language' => 'zh-CN,zh;q=0.9',
  'accept-encoding' => 'gzip, deflate, br',
  'accept' => 'text/html,application/xhtml+xml,application/xml;q=0.9,image/webp,image/apng,*/*;q=0.8',
  'upgrade-insecure-requests' => '1',
  'user-agent' => 'Mozilla/5.0 (Windows NT 10.0; Win64; x64) AppleWebKit/537.36 (KHTML, like Gecko) Chrome/62.0.3202.75 Safari/537.36',
  'connection' => 'close',
  'host' => 'localhost',
)
[ info ] [ PARAM ] array (
)
[ info ] [ LOG ] INIT File
---------------------------------------------------------------
[ 2018-01-15T16:40:52+08:00 ] ::1 ::1 GET /jd/public/index.php/index
[ info ] localhost/jd/public/index.php/index [运行时间：0.135829s][吞吐率：7.36req/s] [内存消耗：2,383.86kb] [文件加载：56]
[ info ] [ LANG ] G:\phpStudy2017\PHPTutorial\WWW\jd\thinkphp\lang\zh-cn.php
[ info ] [ ROUTE ] array (
  'type' => 'module',
  'module' => 
  array (
    0 => 'index',
    1 => NULL,
    2 => NULL,
  ),
)
[ info ] [ HEADER ] array (
  'cookie' => 'PHPSESSID=4n4ha612cv3h9jqardaed102q0; imgupload2=a%3A1%3A%7Bi%3A0%3Bs%3A72%3A%22%5Clayui2%5Cpublic%5Cuploads%5Cpng%5C20180115%5Cdb8414c59e8bc21c6d511cb385fbe73b.png%22%3B%7D; imgupload=a%3A3%3A%7Bi%3A0%3Bs%3A72%3A%22%5Clayui2%5Cpublic%5Cuploads%5Cimg%5C20180115%5C95b0ad5a366643bf8ff2924bde65494c.jpg%22%3Bi%3A1%3Bs%3A72%3A%22%5Clayui2%5Cpublic%5Cuploads%5Cimg%5C20180115%5Cd9f016e2a24082d2599f2eb5b864d971.jpg%22%3Bi%3A2%3Bs%3A72%3A%22%5Clayui2%5Cpublic%5Cuploads%5Cimg%5C20180115%5C7b0648f7182e0eba2fc1e503ebd0078a.jpg%22%3B%7D',
  'accept-language' => 'zh-CN,zh;q=0.9',
  'accept-encoding' => 'gzip, deflate, br',
  'accept' => 'text/html,application/xhtml+xml,application/xml;q=0.9,image/webp,image/apng,*/*;q=0.8',
  'upgrade-insecure-requests' => '1',
  'user-agent' => 'Mozilla/5.0 (Windows NT 10.0; Win64; x64) AppleWebKit/537.36 (KHTML, like Gecko) Chrome/62.0.3202.75 Safari/537.36',
  'connection' => 'close',
  'host' => 'localhost',
)
[ info ] [ PARAM ] array (
)
[ info ] [ RUN ] app\index\controller\Index->index[ G:\phpStudy2017\PHPTutorial\WWW\jd\application\index\controller\Index.php ]
[ info ] [ DB ] INIT mysql
[ info ] [ VIEW ] G:\phpStudy2017\PHPTutorial\WWW\jd\public/../application/index\view\index\index.html [ array (
  0 => 'cate_list',
) ]
[ info ] [ SESSION ] INIT array (
  'id' => '',
  'var_session_id' => '',
  'prefix' => 'think',
  'type' => '',
  'auto_start' => true,
  'expire' => '3600',
)
[ info ] [ LOG ] INIT File
[ sql ] [ DB ] CONNECT:[ UseTime:0.010081s ] mysql:dbname=jd;host=127.0.0.1;charset=utf8
[ sql ] [ SQL ] SHOW COLUMNS FROM `jd_cate` [ RunTime:0.030361s ]
[ sql ] [ SQL ] SELECT * FROM `jd_cate` ORDER BY `cate_sort` [ RunTime:0.000476s ]
---------------------------------------------------------------
[ 2018-01-15T16:40:55+08:00 ] ::1 ::1 GET /jd/public/index.php/index/goods/goodslist/goods_pid/18.html
[ info ] localhost/jd/public/index.php/index/goods/goodslist/goods_pid/18.html [运行时间：0.082963s][吞吐率：12.05req/s] [内存消耗：1,979.62kb] [文件加载：53]
[ info ] [ LANG ] G:\phpStudy2017\PHPTutorial\WWW\jd\thinkphp\lang\zh-cn.php
[ info ] [ ROUTE ] array (
  'type' => 'module',
  'module' => 
  array (
    0 => 'index',
    1 => 'goods',
    2 => 'goodslist',
  ),
)
[ info ] [ HEADER ] array (
  'cookie' => 'PHPSESSID=4n4ha612cv3h9jqardaed102q0; imgupload2=a%3A1%3A%7Bi%3A0%3Bs%3A72%3A%22%5Clayui2%5Cpublic%5Cuploads%5Cpng%5C20180115%5Cdb8414c59e8bc21c6d511cb385fbe73b.png%22%3B%7D; imgupload=a%3A3%3A%7Bi%3A0%3Bs%3A72%3A%22%5Clayui2%5Cpublic%5Cuploads%5Cimg%5C20180115%5C95b0ad5a366643bf8ff2924bde65494c.jpg%22%3Bi%3A1%3Bs%3A72%3A%22%5Clayui2%5Cpublic%5Cuploads%5Cimg%5C20180115%5Cd9f016e2a24082d2599f2eb5b864d971.jpg%22%3Bi%3A2%3Bs%3A72%3A%22%5Clayui2%5Cpublic%5Cuploads%5Cimg%5C20180115%5C7b0648f7182e0eba2fc1e503ebd0078a.jpg%22%3B%7D',
  'accept-language' => 'zh-CN,zh;q=0.9',
  'accept-encoding' => 'gzip, deflate, br',
  'referer' => 'http://localhost/jd/public/index.php/index',
  'accept' => 'text/html,application/xhtml+xml,application/xml;q=0.9,image/webp,image/apng,*/*;q=0.8',
  'user-agent' => 'Mozilla/5.0 (Windows NT 10.0; Win64; x64) AppleWebKit/537.36 (KHTML, like Gecko) Chrome/62.0.3202.75 Safari/537.36',
  'upgrade-insecure-requests' => '1',
  'connection' => 'close',
  'host' => 'localhost',
)
[ info ] [ PARAM ] array (
  'goods_pid' => '18',
)
[ info ] [ RUN ] app\index\controller\Goods->goodslist[ G:\phpStudy2017\PHPTutorial\WWW\jd\application\index\controller\Goods.php ]
[ info ] [ DB ] INIT mysql
[ info ] [ LOG ] INIT File
[ sql ] [ DB ] CONNECT:[ UseTime:0.001129s ] mysql:dbname=jd;host=127.0.0.1;charset=utf8
[ sql ] [ SQL ] SHOW COLUMNS FROM `jd_goods` [ RunTime:0.049713s ]
[ sql ] [ SQL ] SELECT * FROM `jd_goods` WHERE  `goods_pid` = 18  AND `goods_status` = 1 [ RunTime:0.000495s ]
---------------------------------------------------------------
[ 2018-01-15T16:40:55+08:00 ] ::1 ::1 GET /jd/public/index.php/index/index/index.html
[ info ] localhost/jd/public/index.php/index/index/index.html [运行时间：0.057148s][吞吐率：17.50req/s] [内存消耗：2,384.58kb] [文件加载：56]
[ info ] [ LANG ] G:\phpStudy2017\PHPTutorial\WWW\jd\thinkphp\lang\zh-cn.php
[ info ] [ ROUTE ] array (
  'type' => 'module',
  'module' => 
  array (
    0 => 'index',
    1 => 'index',
    2 => 'index',
  ),
)
[ info ] [ HEADER ] array (
  'cookie' => 'PHPSESSID=4n4ha612cv3h9jqardaed102q0; imgupload2=a%3A1%3A%7Bi%3A0%3Bs%3A72%3A%22%5Clayui2%5Cpublic%5Cuploads%5Cpng%5C20180115%5Cdb8414c59e8bc21c6d511cb385fbe73b.png%22%3B%7D; imgupload=a%3A3%3A%7Bi%3A0%3Bs%3A72%3A%22%5Clayui2%5Cpublic%5Cuploads%5Cimg%5C20180115%5C95b0ad5a366643bf8ff2924bde65494c.jpg%22%3Bi%3A1%3Bs%3A72%3A%22%5Clayui2%5Cpublic%5Cuploads%5Cimg%5C20180115%5Cd9f016e2a24082d2599f2eb5b864d971.jpg%22%3Bi%3A2%3Bs%3A72%3A%22%5Clayui2%5Cpublic%5Cuploads%5Cimg%5C20180115%5C7b0648f7182e0eba2fc1e503ebd0078a.jpg%22%3B%7D',
  'accept-language' => 'zh-CN,zh;q=0.9',
  'accept-encoding' => 'gzip, deflate, br',
  'referer' => 'http://localhost/jd/public/index.php/index',
  'accept' => 'text/html,application/xhtml+xml,application/xml;q=0.9,image/webp,image/apng,*/*;q=0.8',
  'user-agent' => 'Mozilla/5.0 (Windows NT 10.0; Win64; x64) AppleWebKit/537.36 (KHTML, like Gecko) Chrome/62.0.3202.75 Safari/537.36',
  'upgrade-insecure-requests' => '1',
  'connection' => 'close',
  'host' => 'localhost',
)
[ info ] [ PARAM ] array (
)
[ info ] [ RUN ] app\index\controller\Index->index[ G:\phpStudy2017\PHPTutorial\WWW\jd\application\index\controller\Index.php ]
[ info ] [ DB ] INIT mysql
[ info ] [ VIEW ] G:\phpStudy2017\PHPTutorial\WWW\jd\public/../application/index\view\index\index.html [ array (
  0 => 'cate_list',
) ]
[ info ] [ SESSION ] INIT array (
  'id' => '',
  'var_session_id' => '',
  'prefix' => 'think',
  'type' => '',
  'auto_start' => true,
  'expire' => '3600',
)
[ info ] [ LOG ] INIT File
[ sql ] [ DB ] CONNECT:[ UseTime:0.009872s ] mysql:dbname=jd;host=127.0.0.1;charset=utf8
[ sql ] [ SQL ] SHOW COLUMNS FROM `jd_cate` [ RunTime:0.013621s ]
[ sql ] [ SQL ] SELECT * FROM `jd_cate` ORDER BY `cate_sort` [ RunTime:0.000470s ]
---------------------------------------------------------------
[ 2018-01-15T16:40:55+08:00 ] ::1 ::1 GET /jd/public/index.php/index/basic/js/quick_links.js
[ info ] localhost/jd/public/index.php/index/basic/js/quick_links.js [运行时间：0.020189s][吞吐率：49.53req/s] [内存消耗：1,197.73kb] [文件加载：40]
[ info ] [ LANG ] G:\phpStudy2017\PHPTutorial\WWW\jd\thinkphp\lang\zh-cn.php
[ info ] [ ROUTE ] array (
  'type' => 'module',
  'module' => 
  array (
    0 => 'index',
    1 => 'basic',
    2 => 'js',
  ),
)
[ info ] [ HEADER ] array (
  'cookie' => 'PHPSESSID=4n4ha612cv3h9jqardaed102q0; imgupload2=a%3A1%3A%7Bi%3A0%3Bs%3A72%3A%22%5Clayui2%5Cpublic%5Cuploads%5Cpng%5C20180115%5Cdb8414c59e8bc21c6d511cb385fbe73b.png%22%3B%7D; imgupload=a%3A3%3A%7Bi%3A0%3Bs%3A72%3A%22%5Clayui2%5Cpublic%5Cuploads%5Cimg%5C20180115%5C95b0ad5a366643bf8ff2924bde65494c.jpg%22%3Bi%3A1%3Bs%3A72%3A%22%5Clayui2%5Cpublic%5Cuploads%5Cimg%5C20180115%5Cd9f016e2a24082d2599f2eb5b864d971.jpg%22%3Bi%3A2%3Bs%3A72%3A%22%5Clayui2%5Cpublic%5Cuploads%5Cimg%5C20180115%5C7b0648f7182e0eba2fc1e503ebd0078a.jpg%22%3B%7D',
  'accept-language' => 'zh-CN,zh;q=0.9',
  'accept-encoding' => 'gzip, deflate, br',
  'referer' => 'http://localhost/jd/public/index.php/index/index/index.html',
  'accept' => '*/*',
  'user-agent' => 'Mozilla/5.0 (Windows NT 10.0; Win64; x64) AppleWebKit/537.36 (KHTML, like Gecko) Chrome/62.0.3202.75 Safari/537.36',
  'connection' => 'close',
  'host' => 'localhost',
)
[ info ] [ PARAM ] array (
)
[ info ] [ LOG ] INIT File
---------------------------------------------------------------
[ 2018-01-15T16:40:55+08:00 ] ::1 ::1 GET /jd/public/index.php/index/basic/js/quick_links.js
[ info ] localhost/jd/public/index.php/index/basic/js/quick_links.js [运行时间：0.018704s][吞吐率：53.46req/s] [内存消耗：1,197.73kb] [文件加载：40]
[ info ] [ LANG ] G:\phpStudy2017\PHPTutorial\WWW\jd\thinkphp\lang\zh-cn.php
[ info ] [ ROUTE ] array (
  'type' => 'module',
  'module' => 
  array (
    0 => 'index',
    1 => 'basic',
    2 => 'js',
  ),
)
[ info ] [ HEADER ] array (
  'cookie' => 'PHPSESSID=4n4ha612cv3h9jqardaed102q0; imgupload2=a%3A1%3A%7Bi%3A0%3Bs%3A72%3A%22%5Clayui2%5Cpublic%5Cuploads%5Cpng%5C20180115%5Cdb8414c59e8bc21c6d511cb385fbe73b.png%22%3B%7D; imgupload=a%3A3%3A%7Bi%3A0%3Bs%3A72%3A%22%5Clayui2%5Cpublic%5Cuploads%5Cimg%5C20180115%5C95b0ad5a366643bf8ff2924bde65494c.jpg%22%3Bi%3A1%3Bs%3A72%3A%22%5Clayui2%5Cpublic%5Cuploads%5Cimg%5C20180115%5Cd9f016e2a24082d2599f2eb5b864d971.jpg%22%3Bi%3A2%3Bs%3A72%3A%22%5Clayui2%5Cpublic%5Cuploads%5Cimg%5C20180115%5C7b0648f7182e0eba2fc1e503ebd0078a.jpg%22%3B%7D',
  'accept-language' => 'zh-CN,zh;q=0.9',
  'accept-encoding' => 'gzip, deflate, br',
  'referer' => 'http://localhost/jd/public/index.php/index/index/index.html',
  'accept' => '*/*',
  'user-agent' => 'Mozilla/5.0 (Windows NT 10.0; Win64; x64) AppleWebKit/537.36 (KHTML, like Gecko) Chrome/62.0.3202.75 Safari/537.36',
  'connection' => 'close',
  'host' => 'localhost',
)
[ info ] [ PARAM ] array (
)
[ info ] [ LOG ] INIT File
---------------------------------------------------------------
[ 2018-01-15T16:41:01+08:00 ] ::1 ::1 GET /jd/public/index.php/index/goods/goodslist/goods_pid/23.html
[ info ] localhost/jd/public/index.php/index/goods/goodslist/goods_pid/23.html [运行时间：0.213811s][吞吐率：4.68req/s] [内存消耗：2,488.52kb] [文件加载：66]
[ info ] [ LANG ] G:\phpStudy2017\PHPTutorial\WWW\jd\thinkphp\lang\zh-cn.php
[ info ] [ ROUTE ] array (
  'type' => 'module',
  'module' => 
  array (
    0 => 'index',
    1 => 'goods',
    2 => 'goodslist',
  ),
)
[ info ] [ HEADER ] array (
  'cookie' => 'PHPSESSID=4n4ha612cv3h9jqardaed102q0; imgupload2=a%3A1%3A%7Bi%3A0%3Bs%3A72%3A%22%5Clayui2%5Cpublic%5Cuploads%5Cpng%5C20180115%5Cdb8414c59e8bc21c6d511cb385fbe73b.png%22%3B%7D; imgupload=a%3A3%3A%7Bi%3A0%3Bs%3A72%3A%22%5Clayui2%5Cpublic%5Cuploads%5Cimg%5C20180115%5C95b0ad5a366643bf8ff2924bde65494c.jpg%22%3Bi%3A1%3Bs%3A72%3A%22%5Clayui2%5Cpublic%5Cuploads%5Cimg%5C20180115%5Cd9f016e2a24082d2599f2eb5b864d971.jpg%22%3Bi%3A2%3Bs%3A72%3A%22%5Clayui2%5Cpublic%5Cuploads%5Cimg%5C20180115%5C7b0648f7182e0eba2fc1e503ebd0078a.jpg%22%3B%7D',
  'accept-language' => 'zh-CN,zh;q=0.9',
  'accept-encoding' => 'gzip, deflate, br',
  'referer' => 'http://localhost/jd/public/index.php/index/index/index.html',
  'accept' => 'text/html,application/xhtml+xml,application/xml;q=0.9,image/webp,image/apng,*/*;q=0.8',
  'user-agent' => 'Mozilla/5.0 (Windows NT 10.0; Win64; x64) AppleWebKit/537.36 (KHTML, like Gecko) Chrome/62.0.3202.75 Safari/537.36',
  'upgrade-insecure-requests' => '1',
  'connection' => 'close',
  'host' => 'localhost',
)
[ info ] [ PARAM ] array (
  'goods_pid' => '23',
)
[ info ] [ RUN ] app\index\controller\Goods->goodslist[ G:\phpStudy2017\PHPTutorial\WWW\jd\application\index\controller\Goods.php ]
[ info ] [ DB ] INIT mysql
[ info ] [ VIEW ] G:\phpStudy2017\PHPTutorial\WWW\jd\public/../application/index\view\goods\goodslist.html [ array (
  0 => 'goods_pid',
  1 => 'goods_info',
  2 => 'show',
) ]
[ info ] [ SESSION ] INIT array (
  'id' => '',
  'var_session_id' => '',
  'prefix' => 'think',
  'type' => '',
  'auto_start' => true,
  'expire' => '3600',
)
[ info ] [ LOG ] INIT File
[ sql ] [ DB ] CONNECT:[ UseTime:0.009795s ] mysql:dbname=jd;host=127.0.0.1;charset=utf8
[ sql ] [ SQL ] SHOW COLUMNS FROM `jd_goods` [ RunTime:0.014453s ]
[ sql ] [ SQL ] SELECT * FROM `jd_goods` WHERE  `goods_pid` = 23  AND `goods_status` = 1 [ RunTime:0.000425s ]
[ sql ] [ SQL ] SELECT * FROM `jd_goods` WHERE  `goods_pid` = 23  AND `goods_status` = 1 ORDER BY `goods_id` [ RunTime:0.000379s ]
[ sql ] [ SQL ] SELECT * FROM `jd_goods` WHERE  `goods_id` = 5 LIMIT 1 [ RunTime:0.000334s ]
[ sql ] [ SQL ] SHOW COLUMNS FROM `jd_goods_keywords` [ RunTime:0.039921s ]
[ sql ] [ SQL ] SHOW COLUMNS FROM `jd_keywords` [ RunTime:0.028984s ]
[ sql ] [ SQL ] SELECT `jd_keywords`.*,pivot.goods_id AS pivot__goods_id,pivot.keywords_id AS pivot__keywords_id FROM `jd_keywords` INNER JOIN `jd_goods_keywords` `pivot` ON `pivot`.`keywords_id`=`jd_keywords`.`keywords_id` WHERE  `pivot`.`goods_id` = 5 [ RunTime:0.000488s ]
[ sql ] [ SQL ] SHOW COLUMNS FROM `jd_cate` [ RunTime:0.014273s ]
[ sql ] [ SQL ] SELECT * FROM `jd_cate` WHERE  `cate_id` = 23 LIMIT 1 [ RunTime:0.000394s ]
[ sql ] [ SQL ] SELECT * FROM `jd_goods` WHERE  `goods_id` = 24 LIMIT 1 [ RunTime:0.000358s ]
[ sql ] [ SQL ] SELECT `jd_keywords`.*,pivot.goods_id AS pivot__goods_id,pivot.keywords_id AS pivot__keywords_id FROM `jd_keywords` INNER JOIN `jd_goods_keywords` `pivot` ON `pivot`.`keywords_id`=`jd_keywords`.`keywords_id` WHERE  `pivot`.`goods_id` = 24 [ RunTime:0.000357s ]
[ sql ] [ SQL ] SELECT * FROM `jd_cate` WHERE  `cate_id` = 23 LIMIT 1 [ RunTime:0.000308s ]
[ sql ] [ SQL ] SELECT * FROM `jd_goods` WHERE  `goods_id` = 28 LIMIT 1 [ RunTime:0.000359s ]
[ sql ] [ SQL ] SELECT `jd_keywords`.*,pivot.goods_id AS pivot__goods_id,pivot.keywords_id AS pivot__keywords_id FROM `jd_keywords` INNER JOIN `jd_goods_keywords` `pivot` ON `pivot`.`keywords_id`=`jd_keywords`.`keywords_id` WHERE  `pivot`.`goods_id` = 28 [ RunTime:0.000356s ]
[ sql ] [ SQL ] SELECT * FROM `jd_cate` WHERE  `cate_id` = 23 LIMIT 1 [ RunTime:0.000304s ]
---------------------------------------------------------------
[ 2018-01-15T16:41:01+08:00 ] ::1 ::1 GET /jd/public/index.php/index/goods/goodslist/js/script.js
[ info ] localhost/jd/public/index.php/index/goods/goodslist/js/script.js [运行时间：0.023403s][吞吐率：42.73req/s] [内存消耗：1,408.66kb] [文件加载：46]
[ info ] [ LANG ] G:\phpStudy2017\PHPTutorial\WWW\jd\thinkphp\lang\zh-cn.php
[ info ] [ ROUTE ] array (
  'type' => 'module',
  'module' => 
  array (
    0 => 'index',
    1 => 'goods',
    2 => 'goodslist',
  ),
)
[ info ] [ HEADER ] array (
  'cookie' => 'PHPSESSID=4n4ha612cv3h9jqardaed102q0; imgupload2=a%3A1%3A%7Bi%3A0%3Bs%3A72%3A%22%5Clayui2%5Cpublic%5Cuploads%5Cpng%5C20180115%5Cdb8414c59e8bc21c6d511cb385fbe73b.png%22%3B%7D; imgupload=a%3A3%3A%7Bi%3A0%3Bs%3A72%3A%22%5Clayui2%5Cpublic%5Cuploads%5Cimg%5C20180115%5C95b0ad5a366643bf8ff2924bde65494c.jpg%22%3Bi%3A1%3Bs%3A72%3A%22%5Clayui2%5Cpublic%5Cuploads%5Cimg%5C20180115%5Cd9f016e2a24082d2599f2eb5b864d971.jpg%22%3Bi%3A2%3Bs%3A72%3A%22%5Clayui2%5Cpublic%5Cuploads%5Cimg%5C20180115%5C7b0648f7182e0eba2fc1e503ebd0078a.jpg%22%3B%7D',
  'accept-language' => 'zh-CN,zh;q=0.9',
  'accept-encoding' => 'gzip, deflate, br',
  'referer' => 'http://localhost/jd/public/index.php/index/goods/goodslist/goods_pid/23.html',
  'accept' => '*/*',
  'user-agent' => 'Mozilla/5.0 (Windows NT 10.0; Win64; x64) AppleWebKit/537.36 (KHTML, like Gecko) Chrome/62.0.3202.75 Safari/537.36',
  'connection' => 'close',
  'host' => 'localhost',
)
[ info ] [ PARAM ] array (
  'js' => 'script.js',
)
[ info ] [ RUN ] app\index\controller\Goods->goodslist[ G:\phpStudy2017\PHPTutorial\WWW\jd\application\index\controller\Goods.php ]
[ info ] [ LOG ] INIT File
---------------------------------------------------------------
[ 2018-01-15T16:41:01+08:00 ] ::1 ::1 GET /jd/public/index.php/index/index/index.html
[ info ] localhost/jd/public/index.php/index/index/index.html [运行时间：0.045890s][吞吐率：21.79req/s] [内存消耗：2,383.98kb] [文件加载：56]
[ info ] [ LANG ] G:\phpStudy2017\PHPTutorial\WWW\jd\thinkphp\lang\zh-cn.php
[ info ] [ ROUTE ] array (
  'type' => 'module',
  'module' => 
  array (
    0 => 'index',
    1 => 'index',
    2 => 'index',
  ),
)
[ info ] [ HEADER ] array (
  'cookie' => 'PHPSESSID=4n4ha612cv3h9jqardaed102q0; imgupload2=a%3A1%3A%7Bi%3A0%3Bs%3A72%3A%22%5Clayui2%5Cpublic%5Cuploads%5Cpng%5C20180115%5Cdb8414c59e8bc21c6d511cb385fbe73b.png%22%3B%7D; imgupload=a%3A3%3A%7Bi%3A0%3Bs%3A72%3A%22%5Clayui2%5Cpublic%5Cuploads%5Cimg%5C20180115%5C95b0ad5a366643bf8ff2924bde65494c.jpg%22%3Bi%3A1%3Bs%3A72%3A%22%5Clayui2%5Cpublic%5Cuploads%5Cimg%5C20180115%5Cd9f016e2a24082d2599f2eb5b864d971.jpg%22%3Bi%3A2%3Bs%3A72%3A%22%5Clayui2%5Cpublic%5Cuploads%5Cimg%5C20180115%5C7b0648f7182e0eba2fc1e503ebd0078a.jpg%22%3B%7D',
  'accept-language' => 'zh-CN,zh;q=0.9',
  'accept-encoding' => 'gzip, deflate, br',
  'referer' => 'http://localhost/jd/public/index.php/index/goods/goodslist/goods_pid/23.html',
  'accept' => '*/*',
  'user-agent' => 'Mozilla/5.0 (Windows NT 10.0; Win64; x64) AppleWebKit/537.36 (KHTML, like Gecko) Chrome/62.0.3202.75 Safari/537.36',
  'connection' => 'close',
  'host' => 'localhost',
)
[ info ] [ PARAM ] array (
)
[ info ] [ RUN ] app\index\controller\Index->index[ G:\phpStudy2017\PHPTutorial\WWW\jd\application\index\controller\Index.php ]
[ info ] [ DB ] INIT mysql
[ info ] [ VIEW ] G:\phpStudy2017\PHPTutorial\WWW\jd\public/../application/index\view\index\index.html [ array (
  0 => 'cate_list',
) ]
[ info ] [ SESSION ] INIT array (
  'id' => '',
  'var_session_id' => '',
  'prefix' => 'think',
  'type' => '',
  'auto_start' => true,
  'expire' => '3600',
)
[ info ] [ LOG ] INIT File
[ sql ] [ DB ] CONNECT:[ UseTime:0.000739s ] mysql:dbname=jd;host=127.0.0.1;charset=utf8
[ sql ] [ SQL ] SHOW COLUMNS FROM `jd_cate` [ RunTime:0.014935s ]
[ sql ] [ SQL ] SELECT * FROM `jd_cate` ORDER BY `cate_sort` [ RunTime:0.000410s ]
---------------------------------------------------------------
[ 2018-01-15T16:41:11+08:00 ] ::1 ::1 GET /jd/public/index.php/index/index/index.html
[ info ] localhost/jd/public/index.php/index/index/index.html [运行时间：0.059593s][吞吐率：16.78req/s] [内存消耗：2,384.58kb] [文件加载：56]
[ info ] [ LANG ] G:\phpStudy2017\PHPTutorial\WWW\jd\thinkphp\lang\zh-cn.php
[ info ] [ ROUTE ] array (
  'type' => 'module',
  'module' => 
  array (
    0 => 'index',
    1 => 'index',
    2 => 'index',
  ),
)
[ info ] [ HEADER ] array (
  'cookie' => 'PHPSESSID=4n4ha612cv3h9jqardaed102q0; imgupload2=a%3A1%3A%7Bi%3A0%3Bs%3A72%3A%22%5Clayui2%5Cpublic%5Cuploads%5Cpng%5C20180115%5Cdb8414c59e8bc21c6d511cb385fbe73b.png%22%3B%7D; imgupload=a%3A3%3A%7Bi%3A0%3Bs%3A72%3A%22%5Clayui2%5Cpublic%5Cuploads%5Cimg%5C20180115%5C95b0ad5a366643bf8ff2924bde65494c.jpg%22%3Bi%3A1%3Bs%3A72%3A%22%5Clayui2%5Cpublic%5Cuploads%5Cimg%5C20180115%5Cd9f016e2a24082d2599f2eb5b864d971.jpg%22%3Bi%3A2%3Bs%3A72%3A%22%5Clayui2%5Cpublic%5Cuploads%5Cimg%5C20180115%5C7b0648f7182e0eba2fc1e503ebd0078a.jpg%22%3B%7D',
  'accept-language' => 'zh-CN,zh;q=0.9',
  'accept-encoding' => 'gzip, deflate, br',
  'referer' => 'http://localhost/jd/public/index.php/index',
  'accept' => 'text/html,application/xhtml+xml,application/xml;q=0.9,image/webp,image/apng,*/*;q=0.8',
  'upgrade-insecure-requests' => '1',
  'user-agent' => 'Mozilla/5.0 (Windows NT 10.0; Win64; x64) AppleWebKit/537.36 (KHTML, like Gecko) Chrome/62.0.3202.75 Safari/537.36',
  'connection' => 'close',
  'host' => 'localhost',
)
[ info ] [ PARAM ] array (
)
[ info ] [ RUN ] app\index\controller\Index->index[ G:\phpStudy2017\PHPTutorial\WWW\jd\application\index\controller\Index.php ]
[ info ] [ DB ] INIT mysql
[ info ] [ VIEW ] G:\phpStudy2017\PHPTutorial\WWW\jd\public/../application/index\view\index\index.html [ array (
  0 => 'cate_list',
) ]
[ info ] [ SESSION ] INIT array (
  'id' => '',
  'var_session_id' => '',
  'prefix' => 'think',
  'type' => '',
  'auto_start' => true,
  'expire' => '3600',
)
[ info ] [ LOG ] INIT File
[ sql ] [ DB ] CONNECT:[ UseTime:0.010257s ] mysql:dbname=jd;host=127.0.0.1;charset=utf8
[ sql ] [ SQL ] SHOW COLUMNS FROM `jd_cate` [ RunTime:0.014251s ]
[ sql ] [ SQL ] SELECT * FROM `jd_cate` ORDER BY `cate_sort` [ RunTime:0.000412s ]
---------------------------------------------------------------
[ 2018-01-15T18:15:49+08:00 ] ::1 ::1 GET /jd/public/index.php/admin/property/propertylist.html
[ info ] localhost/jd/public/index.php/admin/property/propertylist.html [运行时间：0.293718s][吞吐率：3.40req/s] [内存消耗：2,501.11kb] [文件加载：60]
[ info ] [ LANG ] G:\phpStudy2017\PHPTutorial\WWW\jd\thinkphp\lang\zh-cn.php
[ info ] [ ROUTE ] array (
  'type' => 'module',
  'module' => 
  array (
    0 => 'admin',
    1 => 'property',
    2 => 'propertylist',
  ),
)
[ info ] [ HEADER ] array (
  'cookie' => '__guid=111872281.1359355482103690000.1509702285237.3625; pgv_pvi=8007761920; PHPSESSID=8gi3nblvusplcud4s69v4m1je0; imgupload=a%3A3%3A%7Bi%3A0%3Bs%3A72%3A%22%5Clayui2%5Cpublic%5Cuploads%5Cimg%5C20180115%5Cda2720a32a9d52b9d926cfe2e11b5b97.jpg%22%3Bi%3A1%3Bs%3A72%3A%22%5Clayui2%5Cpublic%5Cuploads%5Cimg%5C20180115%5Cf2fb03433c37b09a8ed471ea6701e3a1.jpg%22%3Bi%3A2%3Bs%3A72%3A%22%5Clayui2%5Cpublic%5Cuploads%5Cimg%5C20180115%5Cb492cfd964552e078768535ad22067a7.jpg%22%3B%7D; imgupload2=a%3A3%3A%7Bi%3A0%3Bs%3A72%3A%22%5Clayui2%5Cpublic%5Cuploads%5Cpng%5C20180115%5C3cf471e30bb3d696d28f544983a7732c.jpg%22%3Bi%3A1%3Bs%3A72%3A%22%5Clayui2%5Cpublic%5Cuploads%5Cpng%5C20180115%5C75f31c609c4b1987a3e50d71bba0acf3.jpg%22%3Bi%3A2%3Bs%3A72%3A%22%5Clayui2%5Cpublic%5Cuploads%5Cpng%5C20180115%5C23840b4a45bcacafb08ae2b680c95956.jpg%22%3B%7D; monitor_count=314',
  'accept-language' => 'zh-CN,zh;q=0.8',
  'accept-encoding' => 'gzip, deflate, sdch, br',
  'accept' => 'text/html,application/xhtml+xml,application/xml;q=0.9,image/webp,*/*;q=0.8',
  'user-agent' => 'Mozilla/5.0 (Windows NT 10.0; WOW64) AppleWebKit/537.36 (KHTML, like Gecko) Chrome/55.0.2883.87 Safari/537.36',
  'upgrade-insecure-requests' => '1',
  'connection' => 'close',
  'host' => 'localhost',
)
[ info ] [ PARAM ] array (
)
[ info ] [ RUN ] app\admin\controller\Property->propertylist[ G:\phpStudy2017\PHPTutorial\WWW\jd\application\admin\controller\Property.php ]
[ info ] [ DB ] INIT mysql
[ info ] [ VIEW ] G:\phpStudy2017\PHPTutorial\WWW\jd\public/../application/admin\view\property\propertylist.html [ array (
  0 => 'cate_list1',
  1 => 'property_select',
) ]
[ info ] [ SESSION ] INIT array (
  'id' => '',
  'var_session_id' => '',
  'prefix' => 'think',
  'type' => '',
  'auto_start' => true,
  'expire' => '3600',
)
[ info ] [ LOG ] INIT File
[ sql ] [ DB ] CONNECT:[ UseTime:0.000831s ] mysql:dbname=jd;host=127.0.0.1;charset=utf8
[ sql ] [ SQL ] SHOW COLUMNS FROM `jd_property` [ RunTime:0.168492s ]
[ sql ] [ SQL ] SELECT * FROM `jd_property` [ RunTime:0.000394s ]
[ sql ] [ SQL ] SHOW COLUMNS FROM `jd_cate` [ RunTime:0.018567s ]
[ sql ] [ SQL ] SELECT * FROM `jd_cate` [ RunTime:0.000395s ]
---------------------------------------------------------------
[ 2018-01-15T18:15:59+08:00 ] ::1 ::1 GET /jd/public/index.php/admin/property/propertylist.html
[ info ] localhost/jd/public/index.php/admin/property/propertylist.html [运行时间：0.086824s][吞吐率：11.52req/s] [内存消耗：2,335.44kb] [文件加载：58]
[ info ] [ LANG ] G:\phpStudy2017\PHPTutorial\WWW\jd\thinkphp\lang\zh-cn.php
[ info ] [ ROUTE ] array (
  'type' => 'module',
  'module' => 
  array (
    0 => 'admin',
    1 => 'property',
    2 => 'propertylist',
  ),
)
[ info ] [ HEADER ] array (
  'cookie' => '__guid=111872281.1359355482103690000.1509702285237.3625; pgv_pvi=8007761920; PHPSESSID=8gi3nblvusplcud4s69v4m1je0; imgupload=a%3A3%3A%7Bi%3A0%3Bs%3A72%3A%22%5Clayui2%5Cpublic%5Cuploads%5Cimg%5C20180115%5Cda2720a32a9d52b9d926cfe2e11b5b97.jpg%22%3Bi%3A1%3Bs%3A72%3A%22%5Clayui2%5Cpublic%5Cuploads%5Cimg%5C20180115%5Cf2fb03433c37b09a8ed471ea6701e3a1.jpg%22%3Bi%3A2%3Bs%3A72%3A%22%5Clayui2%5Cpublic%5Cuploads%5Cimg%5C20180115%5Cb492cfd964552e078768535ad22067a7.jpg%22%3B%7D; imgupload2=a%3A3%3A%7Bi%3A0%3Bs%3A72%3A%22%5Clayui2%5Cpublic%5Cuploads%5Cpng%5C20180115%5C3cf471e30bb3d696d28f544983a7732c.jpg%22%3Bi%3A1%3Bs%3A72%3A%22%5Clayui2%5Cpublic%5Cuploads%5Cpng%5C20180115%5C75f31c609c4b1987a3e50d71bba0acf3.jpg%22%3Bi%3A2%3Bs%3A72%3A%22%5Clayui2%5Cpublic%5Cuploads%5Cpng%5C20180115%5C23840b4a45bcacafb08ae2b680c95956.jpg%22%3B%7D; monitor_count=315',
  'accept-language' => 'zh-CN,zh;q=0.8',
  'accept-encoding' => 'gzip, deflate, sdch, br',
  'referer' => 'http://localhost/jd/public/index.php/admin/property/propertylist.html',
  'accept' => 'text/html,application/xhtml+xml,application/xml;q=0.9,image/webp,*/*;q=0.8',
  'user-agent' => 'Mozilla/5.0 (Windows NT 10.0; WOW64) AppleWebKit/537.36 (KHTML, like Gecko) Chrome/55.0.2883.87 Safari/537.36',
  'upgrade-insecure-requests' => '1',
  'connection' => 'close',
  'host' => 'localhost',
)
[ info ] [ PARAM ] array (
)
[ info ] [ RUN ] app\admin\controller\Property->propertylist[ G:\phpStudy2017\PHPTutorial\WWW\jd\application\admin\controller\Property.php ]
[ info ] [ DB ] INIT mysql
[ info ] [ VIEW ] G:\phpStudy2017\PHPTutorial\WWW\jd\public/../application/admin\view\property\propertylist.html [ array (
  0 => 'cate_list1',
  1 => 'property_select',
) ]
[ info ] [ SESSION ] INIT array (
  'id' => '',
  'var_session_id' => '',
  'prefix' => 'think',
  'type' => '',
  'auto_start' => true,
  'expire' => '3600',
)
[ info ] [ LOG ] INIT File
[ sql ] [ DB ] CONNECT:[ UseTime:0.010514s ] mysql:dbname=jd;host=127.0.0.1;charset=utf8
[ sql ] [ SQL ] SHOW COLUMNS FROM `jd_property` [ RunTime:0.017696s ]
[ sql ] [ SQL ] SELECT * FROM `jd_property` [ RunTime:0.000395s ]
[ sql ] [ SQL ] SHOW COLUMNS FROM `jd_cate` [ RunTime:0.018763s ]
[ sql ] [ SQL ] SELECT * FROM `jd_cate` [ RunTime:0.000375s ]
---------------------------------------------------------------
[ 2018-01-15T18:16:05+08:00 ] ::1 ::1 GET /jd/public/index.php/admin/property/propertylist/property_pid/10.html
[ info ] localhost/jd/public/index.php/admin/property/propertylist/property_pid/10.html [运行时间：0.086021s][吞吐率：11.63req/s] [内存消耗：2,336.63kb] [文件加载：58]
[ info ] [ LANG ] G:\phpStudy2017\PHPTutorial\WWW\jd\thinkphp\lang\zh-cn.php
[ info ] [ ROUTE ] array (
  'type' => 'module',
  'module' => 
  array (
    0 => 'admin',
    1 => 'property',
    2 => 'propertylist',
  ),
)
[ info ] [ HEADER ] array (
  'cookie' => '__guid=111872281.1359355482103690000.1509702285237.3625; pgv_pvi=8007761920; PHPSESSID=8gi3nblvusplcud4s69v4m1je0; imgupload=a%3A3%3A%7Bi%3A0%3Bs%3A72%3A%22%5Clayui2%5Cpublic%5Cuploads%5Cimg%5C20180115%5Cda2720a32a9d52b9d926cfe2e11b5b97.jpg%22%3Bi%3A1%3Bs%3A72%3A%22%5Clayui2%5Cpublic%5Cuploads%5Cimg%5C20180115%5Cf2fb03433c37b09a8ed471ea6701e3a1.jpg%22%3Bi%3A2%3Bs%3A72%3A%22%5Clayui2%5Cpublic%5Cuploads%5Cimg%5C20180115%5Cb492cfd964552e078768535ad22067a7.jpg%22%3B%7D; imgupload2=a%3A3%3A%7Bi%3A0%3Bs%3A72%3A%22%5Clayui2%5Cpublic%5Cuploads%5Cpng%5C20180115%5C3cf471e30bb3d696d28f544983a7732c.jpg%22%3Bi%3A1%3Bs%3A72%3A%22%5Clayui2%5Cpublic%5Cuploads%5Cpng%5C20180115%5C75f31c609c4b1987a3e50d71bba0acf3.jpg%22%3Bi%3A2%3Bs%3A72%3A%22%5Clayui2%5Cpublic%5Cuploads%5Cpng%5C20180115%5C23840b4a45bcacafb08ae2b680c95956.jpg%22%3B%7D; monitor_count=316',
  'accept-language' => 'zh-CN,zh;q=0.8',
  'accept-encoding' => 'gzip, deflate, sdch, br',
  'referer' => 'http://localhost/jd/public/index.php/admin/property/propertylist.html',
  'accept' => 'text/html,application/xhtml+xml,application/xml;q=0.9,image/webp,*/*;q=0.8',
  'user-agent' => 'Mozilla/5.0 (Windows NT 10.0; WOW64) AppleWebKit/537.36 (KHTML, like Gecko) Chrome/55.0.2883.87 Safari/537.36',
  'upgrade-insecure-requests' => '1',
  'connection' => 'close',
  'host' => 'localhost',
)
[ info ] [ PARAM ] array (
  'property_pid' => '10',
)
[ info ] [ RUN ] app\admin\controller\Property->propertylist[ G:\phpStudy2017\PHPTutorial\WWW\jd\application\admin\controller\Property.php ]
[ info ] [ DB ] INIT mysql
[ info ] [ VIEW ] G:\phpStudy2017\PHPTutorial\WWW\jd\public/../application/admin\view\property\propertylist.html [ array (
  0 => 'cate_list1',
  1 => 'property_select',
) ]
[ info ] [ SESSION ] INIT array (
  'id' => '',
  'var_session_id' => '',
  'prefix' => 'think',
  'type' => '',
  'auto_start' => true,
  'expire' => '3600',
)
[ info ] [ LOG ] INIT File
[ sql ] [ DB ] CONNECT:[ UseTime:0.010835s ] mysql:dbname=jd;host=127.0.0.1;charset=utf8
[ sql ] [ SQL ] SHOW COLUMNS FROM `jd_property` [ RunTime:0.018434s ]
[ sql ] [ SQL ] SELECT * FROM `jd_property` WHERE  `property_pid` = 10 [ RunTime:0.000400s ]
[ sql ] [ SQL ] SHOW COLUMNS FROM `jd_cate` [ RunTime:0.017951s ]
[ sql ] [ SQL ] SELECT * FROM `jd_cate` [ RunTime:0.000318s ]
---------------------------------------------------------------
[ 2018-01-15T18:16:12+08:00 ] ::1 ::1 GET /jd/public/index.php/admin/property/propertylist/property_pid/20.html
[ info ] localhost/jd/public/index.php/admin/property/propertylist/property_pid/20.html [运行时间：0.076370s][吞吐率：13.09req/s] [内存消耗：2,330.96kb] [文件加载：58]
[ info ] [ LANG ] G:\phpStudy2017\PHPTutorial\WWW\jd\thinkphp\lang\zh-cn.php
[ info ] [ ROUTE ] array (
  'type' => 'module',
  'module' => 
  array (
    0 => 'admin',
    1 => 'property',
    2 => 'propertylist',
  ),
)
[ info ] [ HEADER ] array (
  'cookie' => '__guid=111872281.1359355482103690000.1509702285237.3625; pgv_pvi=8007761920; PHPSESSID=8gi3nblvusplcud4s69v4m1je0; imgupload=a%3A3%3A%7Bi%3A0%3Bs%3A72%3A%22%5Clayui2%5Cpublic%5Cuploads%5Cimg%5C20180115%5Cda2720a32a9d52b9d926cfe2e11b5b97.jpg%22%3Bi%3A1%3Bs%3A72%3A%22%5Clayui2%5Cpublic%5Cuploads%5Cimg%5C20180115%5Cf2fb03433c37b09a8ed471ea6701e3a1.jpg%22%3Bi%3A2%3Bs%3A72%3A%22%5Clayui2%5Cpublic%5Cuploads%5Cimg%5C20180115%5Cb492cfd964552e078768535ad22067a7.jpg%22%3B%7D; imgupload2=a%3A3%3A%7Bi%3A0%3Bs%3A72%3A%22%5Clayui2%5Cpublic%5Cuploads%5Cpng%5C20180115%5C3cf471e30bb3d696d28f544983a7732c.jpg%22%3Bi%3A1%3Bs%3A72%3A%22%5Clayui2%5Cpublic%5Cuploads%5Cpng%5C20180115%5C75f31c609c4b1987a3e50d71bba0acf3.jpg%22%3Bi%3A2%3Bs%3A72%3A%22%5Clayui2%5Cpublic%5Cuploads%5Cpng%5C20180115%5C23840b4a45bcacafb08ae2b680c95956.jpg%22%3B%7D; monitor_count=317',
  'accept-language' => 'zh-CN,zh;q=0.8',
  'accept-encoding' => 'gzip, deflate, sdch, br',
  'referer' => 'http://localhost/jd/public/index.php/admin/property/propertylist/property_pid/10.html',
  'accept' => 'text/html,application/xhtml+xml,application/xml;q=0.9,image/webp,*/*;q=0.8',
  'user-agent' => 'Mozilla/5.0 (Windows NT 10.0; WOW64) AppleWebKit/537.36 (KHTML, like Gecko) Chrome/55.0.2883.87 Safari/537.36',
  'upgrade-insecure-requests' => '1',
  'connection' => 'close',
  'host' => 'localhost',
)
[ info ] [ PARAM ] array (
  'property_pid' => '20',
)
[ info ] [ RUN ] app\admin\controller\Property->propertylist[ G:\phpStudy2017\PHPTutorial\WWW\jd\application\admin\controller\Property.php ]
[ info ] [ DB ] INIT mysql
[ info ] [ VIEW ] G:\phpStudy2017\PHPTutorial\WWW\jd\public/../application/admin\view\property\propertylist.html [ array (
  0 => 'cate_list1',
  1 => 'property_select',
) ]
[ info ] [ SESSION ] INIT array (
  'id' => '',
  'var_session_id' => '',
  'prefix' => 'think',
  'type' => '',
  'auto_start' => true,
  'expire' => '3600',
)
[ info ] [ LOG ] INIT File
[ sql ] [ DB ] CONNECT:[ UseTime:0.000676s ] mysql:dbname=jd;host=127.0.0.1;charset=utf8
[ sql ] [ SQL ] SHOW COLUMNS FROM `jd_property` [ RunTime:0.017593s ]
[ sql ] [ SQL ] SELECT * FROM `jd_property` WHERE  `property_pid` = 20 [ RunTime:0.000421s ]
[ sql ] [ SQL ] SHOW COLUMNS FROM `jd_cate` [ RunTime:0.018831s ]
[ sql ] [ SQL ] SELECT * FROM `jd_cate` [ RunTime:0.000395s ]
---------------------------------------------------------------
[ 2018-01-15T18:16:41+08:00 ] ::1 ::1 GET /jd/public/index.php/admin/property/propertylist/property_pid/20.html
[ info ] localhost/jd/public/index.php/admin/property/propertylist/property_pid/20.html [运行时间：0.078841s][吞吐率：12.68req/s] [内存消耗：2,330.39kb] [文件加载：58]
[ info ] [ LANG ] G:\phpStudy2017\PHPTutorial\WWW\jd\thinkphp\lang\zh-cn.php
[ info ] [ ROUTE ] array (
  'type' => 'module',
  'module' => 
  array (
    0 => 'admin',
    1 => 'property',
    2 => 'propertylist',
  ),
)
[ info ] [ HEADER ] array (
  'cookie' => '__guid=111872281.1359355482103690000.1509702285237.3625; pgv_pvi=8007761920; PHPSESSID=8gi3nblvusplcud4s69v4m1je0; imgupload=a%3A3%3A%7Bi%3A0%3Bs%3A72%3A%22%5Clayui2%5Cpublic%5Cuploads%5Cimg%5C20180115%5Cda2720a32a9d52b9d926cfe2e11b5b97.jpg%22%3Bi%3A1%3Bs%3A72%3A%22%5Clayui2%5Cpublic%5Cuploads%5Cimg%5C20180115%5Cf2fb03433c37b09a8ed471ea6701e3a1.jpg%22%3Bi%3A2%3Bs%3A72%3A%22%5Clayui2%5Cpublic%5Cuploads%5Cimg%5C20180115%5Cb492cfd964552e078768535ad22067a7.jpg%22%3B%7D; imgupload2=a%3A3%3A%7Bi%3A0%3Bs%3A72%3A%22%5Clayui2%5Cpublic%5Cuploads%5Cpng%5C20180115%5C3cf471e30bb3d696d28f544983a7732c.jpg%22%3Bi%3A1%3Bs%3A72%3A%22%5Clayui2%5Cpublic%5Cuploads%5Cpng%5C20180115%5C75f31c609c4b1987a3e50d71bba0acf3.jpg%22%3Bi%3A2%3Bs%3A72%3A%22%5Clayui2%5Cpublic%5Cuploads%5Cpng%5C20180115%5C23840b4a45bcacafb08ae2b680c95956.jpg%22%3B%7D; monitor_count=318',
  'accept-language' => 'zh-CN,zh;q=0.8',
  'accept-encoding' => 'gzip, deflate, sdch, br',
  'accept' => 'text/html,application/xhtml+xml,application/xml;q=0.9,image/webp,*/*;q=0.8',
  'user-agent' => 'Mozilla/5.0 (Windows NT 10.0; WOW64) AppleWebKit/537.36 (KHTML, like Gecko) Chrome/55.0.2883.87 Safari/537.36',
  'upgrade-insecure-requests' => '1',
  'cache-control' => 'max-age=0',
  'connection' => 'close',
  'host' => 'localhost',
)
[ info ] [ PARAM ] array (
  'property_pid' => '20',
)
[ info ] [ RUN ] app\admin\controller\Property->propertylist[ G:\phpStudy2017\PHPTutorial\WWW\jd\application\admin\controller\Property.php ]
[ info ] [ DB ] INIT mysql
[ info ] [ VIEW ] G:\phpStudy2017\PHPTutorial\WWW\jd\public/../application/admin\view\property\propertylist.html [ array (
  0 => 'cate_list1',
  1 => 'property_select',
) ]
[ info ] [ SESSION ] INIT array (
  'id' => '',
  'var_session_id' => '',
  'prefix' => 'think',
  'type' => '',
  'auto_start' => true,
  'expire' => '3600',
)
[ info ] [ LOG ] INIT File
[ sql ] [ DB ] CONNECT:[ UseTime:0.000963s ] mysql:dbname=jd;host=127.0.0.1;charset=utf8
[ sql ] [ SQL ] SHOW COLUMNS FROM `jd_property` [ RunTime:0.019092s ]
[ sql ] [ SQL ] SELECT * FROM `jd_property` WHERE  `property_pid` = 20 [ RunTime:0.000419s ]
[ sql ] [ SQL ] SHOW COLUMNS FROM `jd_cate` [ RunTime:0.019008s ]
[ sql ] [ SQL ] SELECT * FROM `jd_cate` [ RunTime:0.000449s ]
