---------------------------------------------------------------
[ 2018-01-17T10:20:49+08:00 ] ::1 ::1 GET /jd/public/index.php/admin/goods/goodslist/goods_pid/26.html
[ info ] localhost/jd/public/index.php/admin/goods/goodslist/goods_pid/26.html [运行时间：0.158422s][吞吐率：6.31req/s] [内存消耗：1,493.49kb] [文件加载：50]
[ info ] [ LANG ] G:\phpStudy2017\PHPTutorial\WWW\jd\thinkphp\lang\zh-cn.php
[ info ] [ ROUTE ] array (
  'type' => 'module',
  'module' => 
  array (
    0 => 'admin',
    1 => 'goods',
    2 => 'goodslist',
  ),
)
[ info ] [ HEADER ] array (
  'upgrade-insecure-requests' => '1',
  'connection' => 'close',
  'cookie' => 'UM_distinctid=160fcc5af2a9d-0c9f0aebd222d58-4c322172-1fa400-160fcc5af2b67e; CNZZDATA1260446707=193661851-1516066601-%7C1516077412; _ga=GA1.1.1005271489.1516069304; _gid=GA1.1.836233749.1516069304',
  'accept-encoding' => 'gzip, deflate',
  'accept-language' => 'en-US,en;q=0.5',
  'accept' => 'text/html,application/xhtml+xml,application/xml;q=0.9,*/*;q=0.8',
  'user-agent' => 'Mozilla/5.0 (Windows NT 10.0; Win64; x64; rv:58.0) Gecko/20100101 Firefox/58.0',
  'host' => 'localhost',
)
[ info ] [ PARAM ] array (
  'goods_pid' => '26',
)
[ info ] [ SESSION ] INIT array (
  'id' => '',
  'var_session_id' => '',
  'prefix' => 'think',
  'type' => '',
  'auto_start' => true,
  'expire' => '3600',
)
[ info ] [ VIEW ] G:\phpStudy2017\PHPTutorial\WWW\jd\thinkphp\tpl\dispatch_jump.tpl [ array (
  0 => 'code',
  1 => 'msg',
  2 => 'data',
  3 => 'url',
  4 => 'wait',
) ]
[ info ] [ LOG ] INIT File
---------------------------------------------------------------
[ 2018-01-17T10:20:52+08:00 ] ::1 ::1 GET /jd/public/index.php/admin/login/login.html
[ info ] localhost/jd/public/index.php/admin/login/login.html [运行时间：0.062216s][吞吐率：16.07req/s] [内存消耗：1,426.79kb] [文件加载：49]
[ info ] [ LANG ] G:\phpStudy2017\PHPTutorial\WWW\jd\thinkphp\lang\zh-cn.php
[ info ] [ ROUTE ] array (
  'type' => 'module',
  'module' => 
  array (
    0 => 'admin',
    1 => 'login',
    2 => 'login',
  ),
)
[ info ] [ HEADER ] array (
  'upgrade-insecure-requests' => '1',
  'connection' => 'close',
  'cookie' => 'UM_distinctid=160fcc5af2a9d-0c9f0aebd222d58-4c322172-1fa400-160fcc5af2b67e; CNZZDATA1260446707=193661851-1516066601-%7C1516077412; _ga=GA1.1.1005271489.1516069304; _gid=GA1.1.836233749.1516069304; PHPSESSID=cal6qvr456oqho20g7hmidnoq1',
  'referer' => 'http://localhost/jd/public/index.php/admin/goods/goodslist/goods_pid/26.html',
  'accept-encoding' => 'gzip, deflate',
  'accept-language' => 'en-US,en;q=0.5',
  'accept' => 'text/html,application/xhtml+xml,application/xml;q=0.9,*/*;q=0.8',
  'user-agent' => 'Mozilla/5.0 (Windows NT 10.0; Win64; x64; rv:58.0) Gecko/20100101 Firefox/58.0',
  'host' => 'localhost',
)
[ info ] [ PARAM ] array (
)
[ info ] [ RUN ] app\admin\controller\Login->login[ G:\phpStudy2017\PHPTutorial\WWW\jd\application\admin\controller\Login.php ]
[ info ] [ SESSION ] INIT array (
  'id' => '',
  'var_session_id' => '',
  'prefix' => 'think',
  'type' => '',
  'auto_start' => true,
  'expire' => '3600',
)
[ info ] [ VIEW ] G:\phpStudy2017\PHPTutorial\WWW\jd\public/../application/admin\view\login\login.html [ array (
) ]
[ info ] [ LOG ] INIT File
---------------------------------------------------------------
[ 2018-01-17T10:20:53+08:00 ] ::1 ::1 GET /jd/public/index.php/captcha.html
[ info ] localhost/jd/public/index.php/captcha.html [运行时间：0.125534s][吞吐率：7.97req/s] [内存消耗：1,216.80kb] [文件加载：39]
[ info ] [ LANG ] G:\phpStudy2017\PHPTutorial\WWW\jd\thinkphp\lang\zh-cn.php
[ info ] [ ROUTE ] array (
  'type' => 'method',
  'method' => 
  array (
    0 => '\\think\\captcha\\CaptchaController',
    1 => 'index',
  ),
  'var' => 
  array (
  ),
)
[ info ] [ HEADER ] array (
  'connection' => 'close',
  'cookie' => 'UM_distinctid=160fcc5af2a9d-0c9f0aebd222d58-4c322172-1fa400-160fcc5af2b67e; CNZZDATA1260446707=193661851-1516066601-%7C1516077412; _ga=GA1.1.1005271489.1516069304; _gid=GA1.1.836233749.1516069304; PHPSESSID=cal6qvr456oqho20g7hmidnoq1',
  'referer' => 'http://localhost/jd/public/index.php/admin/login/login.html',
  'accept-encoding' => 'gzip, deflate',
  'accept-language' => 'en-US,en;q=0.5',
  'accept' => '*/*',
  'user-agent' => 'Mozilla/5.0 (Windows NT 10.0; Win64; x64; rv:58.0) Gecko/20100101 Firefox/58.0',
  'host' => 'localhost',
)
[ info ] [ PARAM ] array (
  'id' => NULL,
)
[ info ] [ RUN ] think\captcha\CaptchaController->index[ G:\phpStudy2017\PHPTutorial\WWW\jd\vendor\topthink\think-captcha\src\CaptchaController.php ]
[ info ] [ SESSION ] INIT array (
  'id' => '',
  'var_session_id' => '',
  'prefix' => 'think',
  'type' => '',
  'auto_start' => true,
  'expire' => '3600',
)
[ info ] [ LOG ] INIT File
---------------------------------------------------------------
[ 2018-01-17T10:21:03+08:00 ] ::1 ::1 POST /jd/public/index.php/admin/login/checklogin.html
[ info ] localhost/jd/public/index.php/admin/login/checklogin.html [运行时间：0.195122s][吞吐率：5.12req/s] [内存消耗：2,098.08kb] [文件加载：57]
[ info ] [ LANG ] G:\phpStudy2017\PHPTutorial\WWW\jd\thinkphp\lang\zh-cn.php
[ info ] [ ROUTE ] array (
  'type' => 'module',
  'module' => 
  array (
    0 => 'admin',
    1 => 'login',
    2 => 'checklogin',
  ),
)
[ info ] [ HEADER ] array (
  'upgrade-insecure-requests' => '1',
  'connection' => 'close',
  'cookie' => 'UM_distinctid=160fcc5af2a9d-0c9f0aebd222d58-4c322172-1fa400-160fcc5af2b67e; CNZZDATA1260446707=193661851-1516066601-%7C1516077412; _ga=GA1.1.1005271489.1516069304; _gid=GA1.1.836233749.1516069304; PHPSESSID=cal6qvr456oqho20g7hmidnoq1',
  'content-length' => '50',
  'content-type' => 'application/x-www-form-urlencoded',
  'referer' => 'http://localhost/jd/public/index.php/admin/login/login.html',
  'accept-encoding' => 'gzip, deflate',
  'accept-language' => 'en-US,en;q=0.5',
  'accept' => 'text/html,application/xhtml+xml,application/xml;q=0.9,*/*;q=0.8',
  'user-agent' => 'Mozilla/5.0 (Windows NT 10.0; Win64; x64; rv:58.0) Gecko/20100101 Firefox/58.0',
  'host' => 'localhost',
)
[ info ] [ PARAM ] array (
  'admin_name' => 'admin',
  'admin_password' => '123456',
  'captcha' => 'YAK',
)
[ info ] [ RUN ] app\admin\controller\Login->checklogin[ G:\phpStudy2017\PHPTutorial\WWW\jd\application\admin\controller\Login.php ]
[ info ] [ SESSION ] INIT array (
  'id' => '',
  'var_session_id' => '',
  'prefix' => 'think',
  'type' => '',
  'auto_start' => true,
  'expire' => '3600',
)
[ info ] [ DB ] INIT mysql
[ info ] [ VIEW ] G:\phpStudy2017\PHPTutorial\WWW\jd\thinkphp\tpl\dispatch_jump.tpl [ array (
  0 => 'code',
  1 => 'msg',
  2 => 'data',
  3 => 'url',
  4 => 'wait',
) ]
[ info ] [ LOG ] INIT File
[ sql ] [ DB ] CONNECT:[ UseTime:0.001707s ] mysql:dbname=jd;host=127.0.0.1;charset=utf8
[ sql ] [ SQL ] SHOW COLUMNS FROM `jd_admin` [ RunTime:0.048040s ]
[ sql ] [ SQL ] SELECT * FROM `jd_admin` WHERE  `admin_name` = 'admin' LIMIT 1 [ RunTime:0.000445s ]
---------------------------------------------------------------
[ 2018-01-17T10:21:07+08:00 ] ::1 ::1 GET /jd/public/index.php/admin/login/login.html
[ info ] localhost/jd/public/index.php/admin/login/login.html [运行时间：0.038565s][吞吐率：25.93req/s] [内存消耗：1,426.79kb] [文件加载：49]
[ info ] [ LANG ] G:\phpStudy2017\PHPTutorial\WWW\jd\thinkphp\lang\zh-cn.php
[ info ] [ ROUTE ] array (
  'type' => 'module',
  'module' => 
  array (
    0 => 'admin',
    1 => 'login',
    2 => 'login',
  ),
)
[ info ] [ HEADER ] array (
  'upgrade-insecure-requests' => '1',
  'connection' => 'close',
  'cookie' => 'UM_distinctid=160fcc5af2a9d-0c9f0aebd222d58-4c322172-1fa400-160fcc5af2b67e; CNZZDATA1260446707=193661851-1516066601-%7C1516077412; _ga=GA1.1.1005271489.1516069304; _gid=GA1.1.836233749.1516069304; PHPSESSID=cal6qvr456oqho20g7hmidnoq1',
  'referer' => 'http://localhost/jd/public/index.php/admin/login/checklogin.html',
  'accept-encoding' => 'gzip, deflate',
  'accept-language' => 'en-US,en;q=0.5',
  'accept' => 'text/html,application/xhtml+xml,application/xml;q=0.9,*/*;q=0.8',
  'user-agent' => 'Mozilla/5.0 (Windows NT 10.0; Win64; x64; rv:58.0) Gecko/20100101 Firefox/58.0',
  'host' => 'localhost',
)
[ info ] [ PARAM ] array (
)
[ info ] [ RUN ] app\admin\controller\Login->login[ G:\phpStudy2017\PHPTutorial\WWW\jd\application\admin\controller\Login.php ]
[ info ] [ SESSION ] INIT array (
  'id' => '',
  'var_session_id' => '',
  'prefix' => 'think',
  'type' => '',
  'auto_start' => true,
  'expire' => '3600',
)
[ info ] [ VIEW ] G:\phpStudy2017\PHPTutorial\WWW\jd\public/../application/admin\view\login\login.html [ array (
) ]
[ info ] [ LOG ] INIT File
---------------------------------------------------------------
[ 2018-01-17T10:21:07+08:00 ] ::1 ::1 GET /jd/public/index.php/captcha.html
[ info ] localhost/jd/public/index.php/captcha.html [运行时间：0.038130s][吞吐率：26.23req/s] [内存消耗：1,216.80kb] [文件加载：39]
[ info ] [ LANG ] G:\phpStudy2017\PHPTutorial\WWW\jd\thinkphp\lang\zh-cn.php
[ info ] [ ROUTE ] array (
  'type' => 'method',
  'method' => 
  array (
    0 => '\\think\\captcha\\CaptchaController',
    1 => 'index',
  ),
  'var' => 
  array (
  ),
)
[ info ] [ HEADER ] array (
  'connection' => 'close',
  'cookie' => 'UM_distinctid=160fcc5af2a9d-0c9f0aebd222d58-4c322172-1fa400-160fcc5af2b67e; CNZZDATA1260446707=193661851-1516066601-%7C1516077412; _ga=GA1.1.1005271489.1516069304; _gid=GA1.1.836233749.1516069304; PHPSESSID=cal6qvr456oqho20g7hmidnoq1',
  'referer' => 'http://localhost/jd/public/index.php/admin/login/login.html',
  'accept-encoding' => 'gzip, deflate',
  'accept-language' => 'en-US,en;q=0.5',
  'accept' => '*/*',
  'user-agent' => 'Mozilla/5.0 (Windows NT 10.0; Win64; x64; rv:58.0) Gecko/20100101 Firefox/58.0',
  'host' => 'localhost',
)
[ info ] [ PARAM ] array (
  'id' => NULL,
)
[ info ] [ RUN ] think\captcha\CaptchaController->index[ G:\phpStudy2017\PHPTutorial\WWW\jd\vendor\topthink\think-captcha\src\CaptchaController.php ]
[ info ] [ SESSION ] INIT array (
  'id' => '',
  'var_session_id' => '',
  'prefix' => 'think',
  'type' => '',
  'auto_start' => true,
  'expire' => '3600',
)
[ info ] [ LOG ] INIT File
---------------------------------------------------------------
[ 2018-01-17T10:21:21+08:00 ] ::1 ::1 POST /jd/public/index.php/admin/login/checklogin.html
[ info ] localhost/jd/public/index.php/admin/login/checklogin.html [运行时间：0.112592s][吞吐率：8.88req/s] [内存消耗：2,098.08kb] [文件加载：57]
[ info ] [ LANG ] G:\phpStudy2017\PHPTutorial\WWW\jd\thinkphp\lang\zh-cn.php
[ info ] [ ROUTE ] array (
  'type' => 'module',
  'module' => 
  array (
    0 => 'admin',
    1 => 'login',
    2 => 'checklogin',
  ),
)
[ info ] [ HEADER ] array (
  'upgrade-insecure-requests' => '1',
  'connection' => 'close',
  'cookie' => 'UM_distinctid=160fcc5af2a9d-0c9f0aebd222d58-4c322172-1fa400-160fcc5af2b67e; CNZZDATA1260446707=193661851-1516066601-%7C1516077412; _ga=GA1.1.1005271489.1516069304; _gid=GA1.1.836233749.1516069304; PHPSESSID=cal6qvr456oqho20g7hmidnoq1',
  'content-length' => '50',
  'content-type' => 'application/x-www-form-urlencoded',
  'referer' => 'http://localhost/jd/public/index.php/admin/login/login.html',
  'accept-encoding' => 'gzip, deflate',
  'accept-language' => 'en-US,en;q=0.5',
  'accept' => 'text/html,application/xhtml+xml,application/xml;q=0.9,*/*;q=0.8',
  'user-agent' => 'Mozilla/5.0 (Windows NT 10.0; Win64; x64; rv:58.0) Gecko/20100101 Firefox/58.0',
  'host' => 'localhost',
)
[ info ] [ PARAM ] array (
  'admin_name' => 'admin',
  'admin_password' => '123456',
  'captcha' => 'jtn',
)
[ info ] [ RUN ] app\admin\controller\Login->checklogin[ G:\phpStudy2017\PHPTutorial\WWW\jd\application\admin\controller\Login.php ]
[ info ] [ SESSION ] INIT array (
  'id' => '',
  'var_session_id' => '',
  'prefix' => 'think',
  'type' => '',
  'auto_start' => true,
  'expire' => '3600',
)
[ info ] [ DB ] INIT mysql
[ info ] [ VIEW ] G:\phpStudy2017\PHPTutorial\WWW\jd\thinkphp\tpl\dispatch_jump.tpl [ array (
  0 => 'code',
  1 => 'msg',
  2 => 'data',
  3 => 'url',
  4 => 'wait',
) ]
[ info ] [ LOG ] INIT File
[ sql ] [ DB ] CONNECT:[ UseTime:0.005491s ] mysql:dbname=jd;host=127.0.0.1;charset=utf8
[ sql ] [ SQL ] SHOW COLUMNS FROM `jd_admin` [ RunTime:0.069787s ]
[ sql ] [ SQL ] SELECT * FROM `jd_admin` WHERE  `admin_name` = 'admin' LIMIT 1 [ RunTime:0.000991s ]
---------------------------------------------------------------
[ 2018-01-17T10:21:24+08:00 ] ::1 ::1 GET /jd/public/index.php/admin/login/login.html
[ info ] localhost/jd/public/index.php/admin/login/login.html [运行时间：0.049143s][吞吐率：20.35req/s] [内存消耗：1,426.79kb] [文件加载：49]
[ info ] [ LANG ] G:\phpStudy2017\PHPTutorial\WWW\jd\thinkphp\lang\zh-cn.php
[ info ] [ ROUTE ] array (
  'type' => 'module',
  'module' => 
  array (
    0 => 'admin',
    1 => 'login',
    2 => 'login',
  ),
)
[ info ] [ HEADER ] array (
  'upgrade-insecure-requests' => '1',
  'connection' => 'close',
  'cookie' => 'UM_distinctid=160fcc5af2a9d-0c9f0aebd222d58-4c322172-1fa400-160fcc5af2b67e; CNZZDATA1260446707=193661851-1516066601-%7C1516077412; _ga=GA1.1.1005271489.1516069304; _gid=GA1.1.836233749.1516069304; PHPSESSID=cal6qvr456oqho20g7hmidnoq1',
  'referer' => 'http://localhost/jd/public/index.php/admin/login/checklogin.html',
  'accept-encoding' => 'gzip, deflate',
  'accept-language' => 'en-US,en;q=0.5',
  'accept' => 'text/html,application/xhtml+xml,application/xml;q=0.9,*/*;q=0.8',
  'user-agent' => 'Mozilla/5.0 (Windows NT 10.0; Win64; x64; rv:58.0) Gecko/20100101 Firefox/58.0',
  'host' => 'localhost',
)
[ info ] [ PARAM ] array (
)
[ info ] [ RUN ] app\admin\controller\Login->login[ G:\phpStudy2017\PHPTutorial\WWW\jd\application\admin\controller\Login.php ]
[ info ] [ SESSION ] INIT array (
  'id' => '',
  'var_session_id' => '',
  'prefix' => 'think',
  'type' => '',
  'auto_start' => true,
  'expire' => '3600',
)
[ info ] [ VIEW ] G:\phpStudy2017\PHPTutorial\WWW\jd\public/../application/admin\view\login\login.html [ array (
) ]
[ info ] [ LOG ] INIT File
---------------------------------------------------------------
[ 2018-01-17T10:21:24+08:00 ] ::1 ::1 GET /jd/public/index.php/captcha.html
[ info ] localhost/jd/public/index.php/captcha.html [运行时间：0.020870s][吞吐率：47.92req/s] [内存消耗：1,216.80kb] [文件加载：39]
[ info ] [ LANG ] G:\phpStudy2017\PHPTutorial\WWW\jd\thinkphp\lang\zh-cn.php
[ info ] [ ROUTE ] array (
  'type' => 'method',
  'method' => 
  array (
    0 => '\\think\\captcha\\CaptchaController',
    1 => 'index',
  ),
  'var' => 
  array (
  ),
)
[ info ] [ HEADER ] array (
  'connection' => 'close',
  'cookie' => 'UM_distinctid=160fcc5af2a9d-0c9f0aebd222d58-4c322172-1fa400-160fcc5af2b67e; CNZZDATA1260446707=193661851-1516066601-%7C1516077412; _ga=GA1.1.1005271489.1516069304; _gid=GA1.1.836233749.1516069304; PHPSESSID=cal6qvr456oqho20g7hmidnoq1',
  'referer' => 'http://localhost/jd/public/index.php/admin/login/login.html',
  'accept-encoding' => 'gzip, deflate',
  'accept-language' => 'en-US,en;q=0.5',
  'accept' => '*/*',
  'user-agent' => 'Mozilla/5.0 (Windows NT 10.0; Win64; x64; rv:58.0) Gecko/20100101 Firefox/58.0',
  'host' => 'localhost',
)
[ info ] [ PARAM ] array (
  'id' => NULL,
)
[ info ] [ RUN ] think\captcha\CaptchaController->index[ G:\phpStudy2017\PHPTutorial\WWW\jd\vendor\topthink\think-captcha\src\CaptchaController.php ]
[ info ] [ SESSION ] INIT array (
  'id' => '',
  'var_session_id' => '',
  'prefix' => 'think',
  'type' => '',
  'auto_start' => true,
  'expire' => '3600',
)
[ info ] [ LOG ] INIT File
---------------------------------------------------------------
[ 2018-01-17T10:21:40+08:00 ] ::1 ::1 POST /jd/public/index.php/admin/login/checklogin.html
[ info ] localhost/jd/public/index.php/admin/login/checklogin.html [运行时间：0.086141s][吞吐率：11.61req/s] [内存消耗：2,098.08kb] [文件加载：57]
[ info ] [ LANG ] G:\phpStudy2017\PHPTutorial\WWW\jd\thinkphp\lang\zh-cn.php
[ info ] [ ROUTE ] array (
  'type' => 'module',
  'module' => 
  array (
    0 => 'admin',
    1 => 'login',
    2 => 'checklogin',
  ),
)
[ info ] [ HEADER ] array (
  'upgrade-insecure-requests' => '1',
  'connection' => 'close',
  'cookie' => 'UM_distinctid=160fcc5af2a9d-0c9f0aebd222d58-4c322172-1fa400-160fcc5af2b67e; CNZZDATA1260446707=193661851-1516066601-%7C1516077412; _ga=GA1.1.1005271489.1516069304; _gid=GA1.1.836233749.1516069304; PHPSESSID=cal6qvr456oqho20g7hmidnoq1',
  'content-length' => '50',
  'content-type' => 'application/x-www-form-urlencoded',
  'referer' => 'http://localhost/jd/public/index.php/admin/login/login.html',
  'accept-encoding' => 'gzip, deflate',
  'accept-language' => 'en-US,en;q=0.5',
  'accept' => 'text/html,application/xhtml+xml,application/xml;q=0.9,*/*;q=0.8',
  'user-agent' => 'Mozilla/5.0 (Windows NT 10.0; Win64; x64; rv:58.0) Gecko/20100101 Firefox/58.0',
  'host' => 'localhost',
)
[ info ] [ PARAM ] array (
  'admin_name' => 'admin',
  'admin_password' => '654321',
  'captcha' => 'ViX',
)
[ info ] [ RUN ] app\admin\controller\Login->checklogin[ G:\phpStudy2017\PHPTutorial\WWW\jd\application\admin\controller\Login.php ]
[ info ] [ SESSION ] INIT array (
  'id' => '',
  'var_session_id' => '',
  'prefix' => 'think',
  'type' => '',
  'auto_start' => true,
  'expire' => '3600',
)
[ info ] [ DB ] INIT mysql
[ info ] [ VIEW ] G:\phpStudy2017\PHPTutorial\WWW\jd\thinkphp\tpl\dispatch_jump.tpl [ array (
  0 => 'code',
  1 => 'msg',
  2 => 'data',
  3 => 'url',
  4 => 'wait',
) ]
[ info ] [ LOG ] INIT File
[ sql ] [ DB ] CONNECT:[ UseTime:0.000723s ] mysql:dbname=jd;host=127.0.0.1;charset=utf8
[ sql ] [ SQL ] SHOW COLUMNS FROM `jd_admin` [ RunTime:0.053016s ]
[ sql ] [ SQL ] SELECT * FROM `jd_admin` WHERE  `admin_name` = 'admin' LIMIT 1 [ RunTime:0.000418s ]
---------------------------------------------------------------
[ 2018-01-17T10:21:44+08:00 ] ::1 ::1 GET /jd/public/index.php/admin/login/login.html
[ info ] localhost/jd/public/index.php/admin/login/login.html [运行时间：0.036960s][吞吐率：27.06req/s] [内存消耗：1,426.79kb] [文件加载：49]
[ info ] [ LANG ] G:\phpStudy2017\PHPTutorial\WWW\jd\thinkphp\lang\zh-cn.php
[ info ] [ ROUTE ] array (
  'type' => 'module',
  'module' => 
  array (
    0 => 'admin',
    1 => 'login',
    2 => 'login',
  ),
)
[ info ] [ HEADER ] array (
  'upgrade-insecure-requests' => '1',
  'connection' => 'close',
  'cookie' => 'UM_distinctid=160fcc5af2a9d-0c9f0aebd222d58-4c322172-1fa400-160fcc5af2b67e; CNZZDATA1260446707=193661851-1516066601-%7C1516077412; _ga=GA1.1.1005271489.1516069304; _gid=GA1.1.836233749.1516069304; PHPSESSID=cal6qvr456oqho20g7hmidnoq1',
  'referer' => 'http://localhost/jd/public/index.php/admin/login/checklogin.html',
  'accept-encoding' => 'gzip, deflate',
  'accept-language' => 'en-US,en;q=0.5',
  'accept' => 'text/html,application/xhtml+xml,application/xml;q=0.9,*/*;q=0.8',
  'user-agent' => 'Mozilla/5.0 (Windows NT 10.0; Win64; x64; rv:58.0) Gecko/20100101 Firefox/58.0',
  'host' => 'localhost',
)
[ info ] [ PARAM ] array (
)
[ info ] [ RUN ] app\admin\controller\Login->login[ G:\phpStudy2017\PHPTutorial\WWW\jd\application\admin\controller\Login.php ]
[ info ] [ SESSION ] INIT array (
  'id' => '',
  'var_session_id' => '',
  'prefix' => 'think',
  'type' => '',
  'auto_start' => true,
  'expire' => '3600',
)
[ info ] [ VIEW ] G:\phpStudy2017\PHPTutorial\WWW\jd\public/../application/admin\view\login\login.html [ array (
) ]
[ info ] [ LOG ] INIT File
---------------------------------------------------------------
[ 2018-01-17T10:21:44+08:00 ] ::1 ::1 GET /jd/public/index.php/captcha.html
[ info ] localhost/jd/public/index.php/captcha.html [运行时间：0.055967s][吞吐率：17.87req/s] [内存消耗：1,216.80kb] [文件加载：39]
[ info ] [ LANG ] G:\phpStudy2017\PHPTutorial\WWW\jd\thinkphp\lang\zh-cn.php
[ info ] [ ROUTE ] array (
  'type' => 'method',
  'method' => 
  array (
    0 => '\\think\\captcha\\CaptchaController',
    1 => 'index',
  ),
  'var' => 
  array (
  ),
)
[ info ] [ HEADER ] array (
  'connection' => 'close',
  'cookie' => 'UM_distinctid=160fcc5af2a9d-0c9f0aebd222d58-4c322172-1fa400-160fcc5af2b67e; CNZZDATA1260446707=193661851-1516066601-%7C1516077412; _ga=GA1.1.1005271489.1516069304; _gid=GA1.1.836233749.1516069304; PHPSESSID=cal6qvr456oqho20g7hmidnoq1',
  'referer' => 'http://localhost/jd/public/index.php/admin/login/login.html',
  'accept-encoding' => 'gzip, deflate',
  'accept-language' => 'en-US,en;q=0.5',
  'accept' => '*/*',
  'user-agent' => 'Mozilla/5.0 (Windows NT 10.0; Win64; x64; rv:58.0) Gecko/20100101 Firefox/58.0',
  'host' => 'localhost',
)
[ info ] [ PARAM ] array (
  'id' => NULL,
)
[ info ] [ RUN ] think\captcha\CaptchaController->index[ G:\phpStudy2017\PHPTutorial\WWW\jd\vendor\topthink\think-captcha\src\CaptchaController.php ]
[ info ] [ SESSION ] INIT array (
  'id' => '',
  'var_session_id' => '',
  'prefix' => 'think',
  'type' => '',
  'auto_start' => true,
  'expire' => '3600',
)
[ info ] [ LOG ] INIT File
---------------------------------------------------------------
[ 2018-01-17T10:49:58+08:00 ] ::1 ::1 GET /jd/public/index.php/admin/
[ info ] localhost/jd/public/index.php/admin/ [运行时间：0.178638s][吞吐率：5.60req/s] [内存消耗：1,421.45kb] [文件加载：50]
[ info ] [ LANG ] G:\phpStudy2017\PHPTutorial\WWW\jd\thinkphp\lang\zh-cn.php
[ info ] [ ROUTE ] array (
  'type' => 'module',
  'module' => 
  array (
    0 => 'admin',
    1 => NULL,
    2 => NULL,
  ),
)
[ info ] [ HEADER ] array (
  'cookie' => 'PHPSESSID=0au6kovm16e1u2iuqr8gsvsjh6',
  'accept-language' => 'zh-CN,zh;q=0.9',
  'accept-encoding' => 'gzip, deflate, br',
  'accept' => 'text/html,application/xhtml+xml,application/xml;q=0.9,image/webp,image/apng,*/*;q=0.8',
  'upgrade-insecure-requests' => '1',
  'user-agent' => 'Mozilla/5.0 (Windows NT 10.0; Win64; x64) AppleWebKit/537.36 (KHTML, like Gecko) Chrome/62.0.3202.75 Safari/537.36',
  'connection' => 'close',
  'host' => 'localhost',
)
[ info ] [ PARAM ] array (
)
[ info ] [ SESSION ] INIT array (
  'id' => '',
  'var_session_id' => '',
  'prefix' => 'think',
  'type' => '',
  'auto_start' => true,
  'expire' => '3600',
)
[ info ] [ VIEW ] G:\phpStudy2017\PHPTutorial\WWW\jd\thinkphp\tpl\dispatch_jump.tpl [ array (
  0 => 'code',
  1 => 'msg',
  2 => 'data',
  3 => 'url',
  4 => 'wait',
) ]
[ info ] [ LOG ] INIT File
---------------------------------------------------------------
[ 2018-01-17T10:50:01+08:00 ] ::1 ::1 GET /jd/public/index.php/admin/login/login.html
[ info ] localhost/jd/public/index.php/admin/login/login.html [运行时间：0.198304s][吞吐率：5.04req/s] [内存消耗：1,426.04kb] [文件加载：49]
[ info ] [ LANG ] G:\phpStudy2017\PHPTutorial\WWW\jd\thinkphp\lang\zh-cn.php
[ info ] [ ROUTE ] array (
  'type' => 'module',
  'module' => 
  array (
    0 => 'admin',
    1 => 'login',
    2 => 'login',
  ),
)
[ info ] [ HEADER ] array (
  'cookie' => 'PHPSESSID=0au6kovm16e1u2iuqr8gsvsjh6',
  'accept-language' => 'zh-CN,zh;q=0.9',
  'accept-encoding' => 'gzip, deflate, br',
  'referer' => 'http://localhost/jd/public/index.php/admin/',
  'accept' => 'text/html,application/xhtml+xml,application/xml;q=0.9,image/webp,image/apng,*/*;q=0.8',
  'user-agent' => 'Mozilla/5.0 (Windows NT 10.0; Win64; x64) AppleWebKit/537.36 (KHTML, like Gecko) Chrome/62.0.3202.75 Safari/537.36',
  'upgrade-insecure-requests' => '1',
  'connection' => 'close',
  'host' => 'localhost',
)
[ info ] [ PARAM ] array (
)
[ info ] [ RUN ] app\admin\controller\Login->login[ G:\phpStudy2017\PHPTutorial\WWW\jd\application\admin\controller\Login.php ]
[ info ] [ SESSION ] INIT array (
  'id' => '',
  'var_session_id' => '',
  'prefix' => 'think',
  'type' => '',
  'auto_start' => true,
  'expire' => '3600',
)
[ info ] [ VIEW ] G:\phpStudy2017\PHPTutorial\WWW\jd\public/../application/admin\view\login\login.html [ array (
) ]
[ info ] [ LOG ] INIT File
---------------------------------------------------------------
[ 2018-01-17T10:50:02+08:00 ] ::1 ::1 GET /jd/public/index.php/captcha.html
[ info ] localhost/jd/public/index.php/captcha.html [运行时间：0.129239s][吞吐率：7.74req/s] [内存消耗：1,216.59kb] [文件加载：39]
[ info ] [ LANG ] G:\phpStudy2017\PHPTutorial\WWW\jd\thinkphp\lang\zh-cn.php
[ info ] [ ROUTE ] array (
  'type' => 'method',
  'method' => 
  array (
    0 => '\\think\\captcha\\CaptchaController',
    1 => 'index',
  ),
  'var' => 
  array (
  ),
)
[ info ] [ HEADER ] array (
  'cookie' => 'PHPSESSID=0au6kovm16e1u2iuqr8gsvsjh6',
  'accept-language' => 'zh-CN,zh;q=0.9',
  'accept-encoding' => 'gzip, deflate, br',
  'referer' => 'http://localhost/jd/public/index.php/admin/login/login.html',
  'accept' => 'image/webp,image/apng,image/*,*/*;q=0.8',
  'user-agent' => 'Mozilla/5.0 (Windows NT 10.0; Win64; x64) AppleWebKit/537.36 (KHTML, like Gecko) Chrome/62.0.3202.75 Safari/537.36',
  'connection' => 'close',
  'host' => 'localhost',
)
[ info ] [ PARAM ] array (
  'id' => NULL,
)
[ info ] [ RUN ] think\captcha\CaptchaController->index[ G:\phpStudy2017\PHPTutorial\WWW\jd\vendor\topthink\think-captcha\src\CaptchaController.php ]
[ info ] [ SESSION ] INIT array (
  'id' => '',
  'var_session_id' => '',
  'prefix' => 'think',
  'type' => '',
  'auto_start' => true,
  'expire' => '3600',
)
[ info ] [ LOG ] INIT File
---------------------------------------------------------------
[ 2018-01-17T10:50:16+08:00 ] ::1 ::1 POST /jd/public/index.php/admin/login/checklogin.html
[ info ] localhost/jd/public/index.php/admin/login/checklogin.html [运行时间：0.189290s][吞吐率：5.28req/s] [内存消耗：2,097.98kb] [文件加载：57]
[ info ] [ LANG ] G:\phpStudy2017\PHPTutorial\WWW\jd\thinkphp\lang\zh-cn.php
[ info ] [ ROUTE ] array (
  'type' => 'module',
  'module' => 
  array (
    0 => 'admin',
    1 => 'login',
    2 => 'checklogin',
  ),
)
[ info ] [ HEADER ] array (
  'cookie' => 'PHPSESSID=0au6kovm16e1u2iuqr8gsvsjh6',
  'accept-language' => 'zh-CN,zh;q=0.9',
  'accept-encoding' => 'gzip, deflate, br',
  'referer' => 'http://localhost/jd/public/index.php/admin/login/login.html',
  'accept' => 'text/html,application/xhtml+xml,application/xml;q=0.9,image/webp,image/apng,*/*;q=0.8',
  'user-agent' => 'Mozilla/5.0 (Windows NT 10.0; Win64; x64) AppleWebKit/537.36 (KHTML, like Gecko) Chrome/62.0.3202.75 Safari/537.36',
  'content-type' => 'application/x-www-form-urlencoded',
  'upgrade-insecure-requests' => '1',
  'origin' => 'http://localhost',
  'cache-control' => 'max-age=0',
  'content-length' => '50',
  'connection' => 'close',
  'host' => 'localhost',
)
[ info ] [ PARAM ] array (
  'admin_name' => 'admin',
  'admin_password' => '654321',
  'captcha' => 't4d',
)
[ info ] [ RUN ] app\admin\controller\Login->checklogin[ G:\phpStudy2017\PHPTutorial\WWW\jd\application\admin\controller\Login.php ]
[ info ] [ SESSION ] INIT array (
  'id' => '',
  'var_session_id' => '',
  'prefix' => 'think',
  'type' => '',
  'auto_start' => true,
  'expire' => '3600',
)
[ info ] [ DB ] INIT mysql
[ info ] [ VIEW ] G:\phpStudy2017\PHPTutorial\WWW\jd\thinkphp\tpl\dispatch_jump.tpl [ array (
  0 => 'code',
  1 => 'msg',
  2 => 'data',
  3 => 'url',
  4 => 'wait',
) ]
[ info ] [ LOG ] INIT File
[ sql ] [ DB ] CONNECT:[ UseTime:0.023415s ] mysql:dbname=jd;host=127.0.0.1;charset=utf8
[ sql ] [ SQL ] SHOW COLUMNS FROM `jd_admin` [ RunTime:0.020100s ]
[ sql ] [ SQL ] SELECT * FROM `jd_admin` WHERE  `admin_name` = 'admin' LIMIT 1 [ RunTime:0.000443s ]
---------------------------------------------------------------
[ 2018-01-17T10:50:19+08:00 ] ::1 ::1 GET /jd/public/index.php/admin/login/login.html
[ info ] localhost/jd/public/index.php/admin/login/login.html [运行时间：0.052520s][吞吐率：19.04req/s] [内存消耗：1,426.07kb] [文件加载：49]
[ info ] [ LANG ] G:\phpStudy2017\PHPTutorial\WWW\jd\thinkphp\lang\zh-cn.php
[ info ] [ ROUTE ] array (
  'type' => 'module',
  'module' => 
  array (
    0 => 'admin',
    1 => 'login',
    2 => 'login',
  ),
)
[ info ] [ HEADER ] array (
  'cookie' => 'PHPSESSID=0au6kovm16e1u2iuqr8gsvsjh6',
  'accept-language' => 'zh-CN,zh;q=0.9',
  'accept-encoding' => 'gzip, deflate, br',
  'referer' => 'http://localhost/jd/public/index.php/admin/login/checklogin.html',
  'accept' => 'text/html,application/xhtml+xml,application/xml;q=0.9,image/webp,image/apng,*/*;q=0.8',
  'user-agent' => 'Mozilla/5.0 (Windows NT 10.0; Win64; x64) AppleWebKit/537.36 (KHTML, like Gecko) Chrome/62.0.3202.75 Safari/537.36',
  'upgrade-insecure-requests' => '1',
  'connection' => 'close',
  'host' => 'localhost',
)
[ info ] [ PARAM ] array (
)
[ info ] [ RUN ] app\admin\controller\Login->login[ G:\phpStudy2017\PHPTutorial\WWW\jd\application\admin\controller\Login.php ]
[ info ] [ SESSION ] INIT array (
  'id' => '',
  'var_session_id' => '',
  'prefix' => 'think',
  'type' => '',
  'auto_start' => true,
  'expire' => '3600',
)
[ info ] [ VIEW ] G:\phpStudy2017\PHPTutorial\WWW\jd\public/../application/admin\view\login\login.html [ array (
) ]
[ info ] [ LOG ] INIT File
---------------------------------------------------------------
[ 2018-01-17T10:50:19+08:00 ] ::1 ::1 GET /jd/public/index.php/captcha.html
[ info ] localhost/jd/public/index.php/captcha.html [运行时间：0.044379s][吞吐率：22.53req/s] [内存消耗：1,216.59kb] [文件加载：39]
[ info ] [ LANG ] G:\phpStudy2017\PHPTutorial\WWW\jd\thinkphp\lang\zh-cn.php
[ info ] [ ROUTE ] array (
  'type' => 'method',
  'method' => 
  array (
    0 => '\\think\\captcha\\CaptchaController',
    1 => 'index',
  ),
  'var' => 
  array (
  ),
)
[ info ] [ HEADER ] array (
  'cookie' => 'PHPSESSID=0au6kovm16e1u2iuqr8gsvsjh6',
  'accept-language' => 'zh-CN,zh;q=0.9',
  'accept-encoding' => 'gzip, deflate, br',
  'referer' => 'http://localhost/jd/public/index.php/admin/login/login.html',
  'accept' => 'image/webp,image/apng,image/*,*/*;q=0.8',
  'user-agent' => 'Mozilla/5.0 (Windows NT 10.0; Win64; x64) AppleWebKit/537.36 (KHTML, like Gecko) Chrome/62.0.3202.75 Safari/537.36',
  'connection' => 'close',
  'host' => 'localhost',
)
[ info ] [ PARAM ] array (
  'id' => NULL,
)
[ info ] [ RUN ] think\captcha\CaptchaController->index[ G:\phpStudy2017\PHPTutorial\WWW\jd\vendor\topthink\think-captcha\src\CaptchaController.php ]
[ info ] [ SESSION ] INIT array (
  'id' => '',
  'var_session_id' => '',
  'prefix' => 'think',
  'type' => '',
  'auto_start' => true,
  'expire' => '3600',
)
[ info ] [ LOG ] INIT File
---------------------------------------------------------------
[ 2018-01-17T10:50:47+08:00 ] ::1 ::1 POST /jd/public/index.php/admin/login/checklogin.html
[ info ] localhost/jd/public/index.php/admin/login/checklogin.html [运行时间：0.076750s][吞吐率：13.03req/s] [内存消耗：2,098.25kb] [文件加载：57]
[ info ] [ LANG ] G:\phpStudy2017\PHPTutorial\WWW\jd\thinkphp\lang\zh-cn.php
[ info ] [ ROUTE ] array (
  'type' => 'module',
  'module' => 
  array (
    0 => 'admin',
    1 => 'login',
    2 => 'checklogin',
  ),
)
[ info ] [ HEADER ] array (
  'cookie' => 'PHPSESSID=0au6kovm16e1u2iuqr8gsvsjh6',
  'accept-language' => 'zh-CN,zh;q=0.9',
  'accept-encoding' => 'gzip, deflate, br',
  'referer' => 'http://localhost/jd/public/index.php/admin/login/login.html',
  'accept' => 'text/html,application/xhtml+xml,application/xml;q=0.9,image/webp,image/apng,*/*;q=0.8',
  'user-agent' => 'Mozilla/5.0 (Windows NT 10.0; Win64; x64) AppleWebKit/537.36 (KHTML, like Gecko) Chrome/62.0.3202.75 Safari/537.36',
  'content-type' => 'application/x-www-form-urlencoded',
  'upgrade-insecure-requests' => '1',
  'origin' => 'http://localhost',
  'cache-control' => 'max-age=0',
  'content-length' => '52',
  'connection' => 'close',
  'host' => 'localhost',
)
[ info ] [ PARAM ] array (
  'admin_name' => 'admin',
  'admin_password' => '12345678',
  'captcha' => '3FT',
)
[ info ] [ RUN ] app\admin\controller\Login->checklogin[ G:\phpStudy2017\PHPTutorial\WWW\jd\application\admin\controller\Login.php ]
[ info ] [ SESSION ] INIT array (
  'id' => '',
  'var_session_id' => '',
  'prefix' => 'think',
  'type' => '',
  'auto_start' => true,
  'expire' => '3600',
)
[ info ] [ DB ] INIT mysql
[ info ] [ VIEW ] G:\phpStudy2017\PHPTutorial\WWW\jd\thinkphp\tpl\dispatch_jump.tpl [ array (
  0 => 'code',
  1 => 'msg',
  2 => 'data',
  3 => 'url',
  4 => 'wait',
) ]
[ info ] [ LOG ] INIT File
[ sql ] [ DB ] CONNECT:[ UseTime:0.011404s ] mysql:dbname=jd;host=127.0.0.1;charset=utf8
[ sql ] [ SQL ] SHOW COLUMNS FROM `jd_admin` [ RunTime:0.027698s ]
[ sql ] [ SQL ] SELECT * FROM `jd_admin` WHERE  `admin_name` = 'admin' LIMIT 1 [ RunTime:0.000498s ]
---------------------------------------------------------------
[ 2018-01-17T10:50:50+08:00 ] ::1 ::1 GET /jd/public/index.php/admin/index/index.html
[ info ] localhost/jd/public/index.php/admin/index/index.html [运行时间：0.093268s][吞吐率：10.72req/s] [内存消耗：1,637.92kb] [文件加载：52]
[ info ] [ LANG ] G:\phpStudy2017\PHPTutorial\WWW\jd\thinkphp\lang\zh-cn.php
[ info ] [ ROUTE ] array (
  'type' => 'module',
  'module' => 
  array (
    0 => 'admin',
    1 => 'index',
    2 => 'index',
  ),
)
[ info ] [ HEADER ] array (
  'cookie' => 'PHPSESSID=0au6kovm16e1u2iuqr8gsvsjh6',
  'accept-language' => 'zh-CN,zh;q=0.9',
  'accept-encoding' => 'gzip, deflate, br',
  'referer' => 'http://localhost/jd/public/index.php/admin/login/checklogin.html',
  'accept' => 'text/html,application/xhtml+xml,application/xml;q=0.9,image/webp,image/apng,*/*;q=0.8',
  'user-agent' => 'Mozilla/5.0 (Windows NT 10.0; Win64; x64) AppleWebKit/537.36 (KHTML, like Gecko) Chrome/62.0.3202.75 Safari/537.36',
  'upgrade-insecure-requests' => '1',
  'connection' => 'close',
  'host' => 'localhost',
)
[ info ] [ PARAM ] array (
)
[ info ] [ SESSION ] INIT array (
  'id' => '',
  'var_session_id' => '',
  'prefix' => 'think',
  'type' => '',
  'auto_start' => true,
  'expire' => '3600',
)
[ info ] [ RUN ] app\admin\controller\Index->index[ G:\phpStudy2017\PHPTutorial\WWW\jd\application\admin\controller\Index.php ]
[ info ] [ VIEW ] G:\phpStudy2017\PHPTutorial\WWW\jd\public/../application/admin\view\index\index.html [ array (
) ]
[ info ] [ LOG ] INIT File
---------------------------------------------------------------
[ 2018-01-17T10:51:34+08:00 ] ::1 ::1 GET /jd/public/index.php/index/index/index.html
[ info ] localhost/jd/public/index.php/index/index/index.html [运行时间：0.097791s][吞吐率：10.23req/s] [内存消耗：1,195.77kb] [文件加载：40]
[ info ] [ LANG ] G:\phpStudy2017\PHPTutorial\WWW\jd\thinkphp\lang\zh-cn.php
[ info ] [ ROUTE ] array (
  'type' => 'module',
  'module' => 
  array (
    0 => 'index',
    1 => 'index',
    2 => 'index',
  ),
)
[ info ] [ HEADER ] array (
  'cookie' => 'PHPSESSID=0au6kovm16e1u2iuqr8gsvsjh6',
  'accept-language' => 'zh-CN,zh;q=0.9',
  'accept-encoding' => 'gzip, deflate, br',
  'accept' => 'text/html,application/xhtml+xml,application/xml;q=0.9,image/webp,image/apng,*/*;q=0.8',
  'upgrade-insecure-requests' => '1',
  'user-agent' => 'Mozilla/5.0 (Windows NT 10.0; Win64; x64) AppleWebKit/537.36 (KHTML, like Gecko) Chrome/62.0.3202.75 Safari/537.36',
  'connection' => 'close',
  'host' => 'localhost',
)
[ info ] [ PARAM ] array (
)
[ info ] [ LOG ] INIT File
---------------------------------------------------------------
[ 2018-01-17T10:51:40+08:00 ] ::1 ::1 GET /jd/public/index.php/index/index.html
[ info ] localhost/jd/public/index.php/index/index.html [运行时间：0.024312s][吞吐率：41.13req/s] [内存消耗：1,195.72kb] [文件加载：40]
[ info ] [ LANG ] G:\phpStudy2017\PHPTutorial\WWW\jd\thinkphp\lang\zh-cn.php
[ info ] [ ROUTE ] array (
  'type' => 'module',
  'module' => 
  array (
    0 => 'index',
    1 => 'index',
    2 => NULL,
  ),
)
[ info ] [ HEADER ] array (
  'cookie' => 'PHPSESSID=0au6kovm16e1u2iuqr8gsvsjh6',
  'accept-language' => 'zh-CN,zh;q=0.9',
  'accept-encoding' => 'gzip, deflate, br',
  'accept' => 'text/html,application/xhtml+xml,application/xml;q=0.9,image/webp,image/apng,*/*;q=0.8',
  'upgrade-insecure-requests' => '1',
  'user-agent' => 'Mozilla/5.0 (Windows NT 10.0; Win64; x64) AppleWebKit/537.36 (KHTML, like Gecko) Chrome/62.0.3202.75 Safari/537.36',
  'connection' => 'close',
  'host' => 'localhost',
)
[ info ] [ PARAM ] array (
)
[ info ] [ LOG ] INIT File
---------------------------------------------------------------
[ 2018-01-17T10:51:45+08:00 ] ::1 ::1 GET /jd/public/index.php/
[ info ] localhost/jd/public/index.php/ [运行时间：0.024425s][吞吐率：40.94req/s] [内存消耗：1,195.60kb] [文件加载：40]
[ info ] [ LANG ] G:\phpStudy2017\PHPTutorial\WWW\jd\thinkphp\lang\zh-cn.php
[ info ] [ ROUTE ] array (
  'type' => 'module',
  'module' => 
  array (
    0 => '',
    1 => NULL,
    2 => NULL,
  ),
)
[ info ] [ HEADER ] array (
  'cookie' => 'PHPSESSID=0au6kovm16e1u2iuqr8gsvsjh6',
  'accept-language' => 'zh-CN,zh;q=0.9',
  'accept-encoding' => 'gzip, deflate, br',
  'accept' => 'text/html,application/xhtml+xml,application/xml;q=0.9,image/webp,image/apng,*/*;q=0.8',
  'upgrade-insecure-requests' => '1',
  'user-agent' => 'Mozilla/5.0 (Windows NT 10.0; Win64; x64) AppleWebKit/537.36 (KHTML, like Gecko) Chrome/62.0.3202.75 Safari/537.36',
  'connection' => 'close',
  'host' => 'localhost',
)
[ info ] [ PARAM ] array (
)
[ info ] [ LOG ] INIT File
---------------------------------------------------------------
[ 2018-01-17T10:51:51+08:00 ] ::1 ::1 GET /jd/public/index.php/
[ info ] localhost/jd/public/index.php/ [运行时间：0.023393s][吞吐率：42.75req/s] [内存消耗：1,196.01kb] [文件加载：40]
[ info ] [ LANG ] G:\phpStudy2017\PHPTutorial\WWW\jd\thinkphp\lang\zh-cn.php
[ info ] [ ROUTE ] array (
  'type' => 'module',
  'module' => 
  array (
    0 => '',
    1 => NULL,
    2 => NULL,
  ),
)
[ info ] [ HEADER ] array (
  'cookie' => 'PHPSESSID=0au6kovm16e1u2iuqr8gsvsjh6',
  'accept-language' => 'zh-CN,zh;q=0.9',
  'accept-encoding' => 'gzip, deflate, br',
  'accept' => 'text/html,application/xhtml+xml,application/xml;q=0.9,image/webp,image/apng,*/*;q=0.8',
  'upgrade-insecure-requests' => '1',
  'user-agent' => 'Mozilla/5.0 (Windows NT 10.0; Win64; x64) AppleWebKit/537.36 (KHTML, like Gecko) Chrome/62.0.3202.75 Safari/537.36',
  'cache-control' => 'max-age=0',
  'connection' => 'close',
  'host' => 'localhost',
)
[ info ] [ PARAM ] array (
)
[ info ] [ LOG ] INIT File
---------------------------------------------------------------
[ 2018-01-17T10:52:39+08:00 ] ::1 ::1 GET /jd/public/index.php/
[ info ] localhost/jd/public/index.php/ [运行时间：0.100861s][吞吐率：9.91req/s] [内存消耗：2,382.69kb] [文件加载：56]
[ info ] [ LANG ] G:\phpStudy2017\PHPTutorial\WWW\jd\thinkphp\lang\zh-cn.php
[ info ] [ ROUTE ] array (
  'type' => 'module',
  'module' => 
  array (
    0 => '',
    1 => NULL,
    2 => NULL,
  ),
)
[ info ] [ HEADER ] array (
  'cookie' => 'PHPSESSID=0au6kovm16e1u2iuqr8gsvsjh6',
  'accept-language' => 'zh-CN,zh;q=0.9',
  'accept-encoding' => 'gzip, deflate, br',
  'accept' => 'text/html,application/xhtml+xml,application/xml;q=0.9,image/webp,image/apng,*/*;q=0.8',
  'upgrade-insecure-requests' => '1',
  'user-agent' => 'Mozilla/5.0 (Windows NT 10.0; Win64; x64) AppleWebKit/537.36 (KHTML, like Gecko) Chrome/62.0.3202.75 Safari/537.36',
  'cache-control' => 'max-age=0',
  'connection' => 'close',
  'host' => 'localhost',
)
[ info ] [ PARAM ] array (
)
[ info ] [ RUN ] app\index\controller\Index->index[ G:\phpStudy2017\PHPTutorial\WWW\jd\application\index\controller\Index.php ]
[ info ] [ DB ] INIT mysql
[ info ] [ VIEW ] G:\phpStudy2017\PHPTutorial\WWW\jd\public/../application/index\view\index\index.html [ array (
  0 => 'cate_list',
) ]
[ info ] [ SESSION ] INIT array (
  'id' => '',
  'var_session_id' => '',
  'prefix' => 'think',
  'type' => '',
  'auto_start' => true,
  'expire' => '3600',
)
[ info ] [ LOG ] INIT File
[ sql ] [ DB ] CONNECT:[ UseTime:0.010813s ] mysql:dbname=jd;host=127.0.0.1;charset=utf8
[ sql ] [ SQL ] SHOW COLUMNS FROM `jd_cate` [ RunTime:0.014804s ]
[ sql ] [ SQL ] SELECT * FROM `jd_cate` ORDER BY `cate_sort` [ RunTime:0.000449s ]
---------------------------------------------------------------
[ 2018-01-17T10:53:02+08:00 ] ::1 ::1 GET /jd/public/index.php/index/goods/goodslist/goods_pid/10.html
[ info ] localhost/jd/public/index.php/index/goods/goodslist/goods_pid/10.html [运行时间：0.208955s][吞吐率：4.79req/s] [内存消耗：2,544.20kb] [文件加载：66]
[ info ] [ LANG ] G:\phpStudy2017\PHPTutorial\WWW\jd\thinkphp\lang\zh-cn.php
[ info ] [ ROUTE ] array (
  'type' => 'module',
  'module' => 
  array (
    0 => 'index',
    1 => 'goods',
    2 => 'goodslist',
  ),
)
[ info ] [ HEADER ] array (
  'cookie' => 'PHPSESSID=0au6kovm16e1u2iuqr8gsvsjh6',
  'accept-language' => 'zh-CN,zh;q=0.9',
  'accept-encoding' => 'gzip, deflate, br',
  'referer' => 'http://localhost/jd/public/index.php/',
  'accept' => 'text/html,application/xhtml+xml,application/xml;q=0.9,image/webp,image/apng,*/*;q=0.8',
  'user-agent' => 'Mozilla/5.0 (Windows NT 10.0; Win64; x64) AppleWebKit/537.36 (KHTML, like Gecko) Chrome/62.0.3202.75 Safari/537.36',
  'upgrade-insecure-requests' => '1',
  'connection' => 'close',
  'host' => 'localhost',
)
[ info ] [ PARAM ] array (
  'goods_pid' => '10',
)
[ info ] [ RUN ] app\index\controller\Goods->goodslist[ G:\phpStudy2017\PHPTutorial\WWW\jd\application\index\controller\Goods.php ]
[ info ] [ DB ] INIT mysql
[ info ] [ VIEW ] G:\phpStudy2017\PHPTutorial\WWW\jd\public/../application/index\view\goods\goodslist.html [ array (
  0 => 'goods_pid',
  1 => 'goods_info',
  2 => 'show',
) ]
[ info ] [ SESSION ] INIT array (
  'id' => '',
  'var_session_id' => '',
  'prefix' => 'think',
  'type' => '',
  'auto_start' => true,
  'expire' => '3600',
)
[ info ] [ LOG ] INIT File
[ sql ] [ DB ] CONNECT:[ UseTime:0.010752s ] mysql:dbname=jd;host=127.0.0.1;charset=utf8
[ sql ] [ SQL ] SHOW COLUMNS FROM `jd_goods` [ RunTime:0.014051s ]
[ sql ] [ SQL ] SELECT * FROM `jd_goods` WHERE  `goods_pid` = 10  AND `goods_status` = 1 [ RunTime:0.000657s ]
[ sql ] [ SQL ] SELECT * FROM `jd_goods` WHERE  `goods_pid` = 10  AND `goods_status` = 1 ORDER BY `goods_id` [ RunTime:0.000488s ]
[ sql ] [ SQL ] SELECT * FROM `jd_goods` WHERE  `goods_id` = 6 LIMIT 1 [ RunTime:0.000563s ]
[ sql ] [ SQL ] SHOW COLUMNS FROM `jd_goods_keywords` [ RunTime:0.013922s ]
[ sql ] [ SQL ] SHOW COLUMNS FROM `jd_keywords` [ RunTime:0.014706s ]
[ sql ] [ SQL ] SELECT `jd_keywords`.*,pivot.goods_id AS pivot__goods_id,pivot.keywords_id AS pivot__keywords_id FROM `jd_keywords` INNER JOIN `jd_goods_keywords` `pivot` ON `pivot`.`keywords_id`=`jd_keywords`.`keywords_id` WHERE  `pivot`.`goods_id` = 6 [ RunTime:0.000452s ]
[ sql ] [ SQL ] SHOW COLUMNS FROM `jd_cate` [ RunTime:0.014128s ]
[ sql ] [ SQL ] SELECT * FROM `jd_cate` WHERE  `cate_id` = 10 LIMIT 1 [ RunTime:0.000361s ]
[ sql ] [ SQL ] SELECT * FROM `jd_goods` WHERE  `goods_id` = 8 LIMIT 1 [ RunTime:0.000317s ]
[ sql ] [ SQL ] SELECT `jd_keywords`.*,pivot.goods_id AS pivot__goods_id,pivot.keywords_id AS pivot__keywords_id FROM `jd_keywords` INNER JOIN `jd_goods_keywords` `pivot` ON `pivot`.`keywords_id`=`jd_keywords`.`keywords_id` WHERE  `pivot`.`goods_id` = 8 [ RunTime:0.000333s ]
[ sql ] [ SQL ] SELECT * FROM `jd_cate` WHERE  `cate_id` = 10 LIMIT 1 [ RunTime:0.000278s ]
[ sql ] [ SQL ] SELECT * FROM `jd_goods` WHERE  `goods_id` = 9 LIMIT 1 [ RunTime:0.000295s ]
[ sql ] [ SQL ] SELECT `jd_keywords`.*,pivot.goods_id AS pivot__goods_id,pivot.keywords_id AS pivot__keywords_id FROM `jd_keywords` INNER JOIN `jd_goods_keywords` `pivot` ON `pivot`.`keywords_id`=`jd_keywords`.`keywords_id` WHERE  `pivot`.`goods_id` = 9 [ RunTime:0.000366s ]
[ sql ] [ SQL ] SELECT * FROM `jd_cate` WHERE  `cate_id` = 10 LIMIT 1 [ RunTime:0.000290s ]
[ sql ] [ SQL ] SELECT * FROM `jd_goods` WHERE  `goods_id` = 21 LIMIT 1 [ RunTime:0.000353s ]
[ sql ] [ SQL ] SELECT `jd_keywords`.*,pivot.goods_id AS pivot__goods_id,pivot.keywords_id AS pivot__keywords_id FROM `jd_keywords` INNER JOIN `jd_goods_keywords` `pivot` ON `pivot`.`keywords_id`=`jd_keywords`.`keywords_id` WHERE  `pivot`.`goods_id` = 21 [ RunTime:0.000329s ]
[ sql ] [ SQL ] SELECT * FROM `jd_cate` WHERE  `cate_id` = 10 LIMIT 1 [ RunTime:0.000264s ]
[ sql ] [ SQL ] SELECT * FROM `jd_goods` WHERE  `goods_id` = 22 LIMIT 1 [ RunTime:0.000274s ]
[ sql ] [ SQL ] SELECT `jd_keywords`.*,pivot.goods_id AS pivot__goods_id,pivot.keywords_id AS pivot__keywords_id FROM `jd_keywords` INNER JOIN `jd_goods_keywords` `pivot` ON `pivot`.`keywords_id`=`jd_keywords`.`keywords_id` WHERE  `pivot`.`goods_id` = 22 [ RunTime:0.000260s ]
[ sql ] [ SQL ] SELECT * FROM `jd_cate` WHERE  `cate_id` = 10 LIMIT 1 [ RunTime:0.000288s ]
[ sql ] [ SQL ] SELECT * FROM `jd_goods` WHERE  `goods_id` = 23 LIMIT 1 [ RunTime:0.000270s ]
[ sql ] [ SQL ] SELECT `jd_keywords`.*,pivot.goods_id AS pivot__goods_id,pivot.keywords_id AS pivot__keywords_id FROM `jd_keywords` INNER JOIN `jd_goods_keywords` `pivot` ON `pivot`.`keywords_id`=`jd_keywords`.`keywords_id` WHERE  `pivot`.`goods_id` = 23 [ RunTime:0.000280s ]
[ sql ] [ SQL ] SELECT * FROM `jd_cate` WHERE  `cate_id` = 10 LIMIT 1 [ RunTime:0.000249s ]
[ sql ] [ SQL ] SELECT * FROM `jd_goods` WHERE  `goods_id` = 25 LIMIT 1 [ RunTime:0.000275s ]
[ sql ] [ SQL ] SELECT `jd_keywords`.*,pivot.goods_id AS pivot__goods_id,pivot.keywords_id AS pivot__keywords_id FROM `jd_keywords` INNER JOIN `jd_goods_keywords` `pivot` ON `pivot`.`keywords_id`=`jd_keywords`.`keywords_id` WHERE  `pivot`.`goods_id` = 25 [ RunTime:0.000275s ]
[ sql ] [ SQL ] SELECT * FROM `jd_cate` WHERE  `cate_id` = 10 LIMIT 1 [ RunTime:0.000253s ]
[ sql ] [ SQL ] SELECT * FROM `jd_goods` WHERE  `goods_id` = 26 LIMIT 1 [ RunTime:0.000272s ]
[ sql ] [ SQL ] SELECT `jd_keywords`.*,pivot.goods_id AS pivot__goods_id,pivot.keywords_id AS pivot__keywords_id FROM `jd_keywords` INNER JOIN `jd_goods_keywords` `pivot` ON `pivot`.`keywords_id`=`jd_keywords`.`keywords_id` WHERE  `pivot`.`goods_id` = 26 [ RunTime:0.000278s ]
[ sql ] [ SQL ] SELECT * FROM `jd_cate` WHERE  `cate_id` = 10 LIMIT 1 [ RunTime:0.000251s ]
[ sql ] [ SQL ] SELECT * FROM `jd_goods` WHERE  `goods_id` = 27 LIMIT 1 [ RunTime:0.000275s ]
[ sql ] [ SQL ] SELECT `jd_keywords`.*,pivot.goods_id AS pivot__goods_id,pivot.keywords_id AS pivot__keywords_id FROM `jd_keywords` INNER JOIN `jd_goods_keywords` `pivot` ON `pivot`.`keywords_id`=`jd_keywords`.`keywords_id` WHERE  `pivot`.`goods_id` = 27 [ RunTime:0.000326s ]
[ sql ] [ SQL ] SELECT * FROM `jd_cate` WHERE  `cate_id` = 10 LIMIT 1 [ RunTime:0.000259s ]
---------------------------------------------------------------
[ 2018-01-17T10:53:02+08:00 ] ::1 ::1 GET /jd/public/index.php/index/goods/goodslist/js/script.js
[ info ] localhost/jd/public/index.php/index/goods/goodslist/js/script.js [运行时间：0.028014s][吞吐率：35.70req/s] [内存消耗：1,406.59kb] [文件加载：46]
[ info ] [ LANG ] G:\phpStudy2017\PHPTutorial\WWW\jd\thinkphp\lang\zh-cn.php
[ info ] [ ROUTE ] array (
  'type' => 'module',
  'module' => 
  array (
    0 => 'index',
    1 => 'goods',
    2 => 'goodslist',
  ),
)
[ info ] [ HEADER ] array (
  'cookie' => 'PHPSESSID=0au6kovm16e1u2iuqr8gsvsjh6',
  'accept-language' => 'zh-CN,zh;q=0.9',
  'accept-encoding' => 'gzip, deflate, br',
  'referer' => 'http://localhost/jd/public/index.php/index/goods/goodslist/goods_pid/10.html',
  'accept' => '*/*',
  'user-agent' => 'Mozilla/5.0 (Windows NT 10.0; Win64; x64) AppleWebKit/537.36 (KHTML, like Gecko) Chrome/62.0.3202.75 Safari/537.36',
  'connection' => 'close',
  'host' => 'localhost',
)
[ info ] [ PARAM ] array (
  'js' => 'script.js',
)
[ info ] [ RUN ] app\index\controller\Goods->goodslist[ G:\phpStudy2017\PHPTutorial\WWW\jd\application\index\controller\Goods.php ]
[ info ] [ LOG ] INIT File
---------------------------------------------------------------
[ 2018-01-17T10:53:02+08:00 ] ::1 ::1 GET /jd/public/index.php/index/index/index.html
[ info ] localhost/jd/public/index.php/index/index/index.html [运行时间：0.065143s][吞吐率：15.35req/s] [内存消耗：2,382.41kb] [文件加载：56]
[ info ] [ LANG ] G:\phpStudy2017\PHPTutorial\WWW\jd\thinkphp\lang\zh-cn.php
[ info ] [ ROUTE ] array (
  'type' => 'module',
  'module' => 
  array (
    0 => 'index',
    1 => 'index',
    2 => 'index',
  ),
)
[ info ] [ HEADER ] array (
  'cookie' => 'PHPSESSID=0au6kovm16e1u2iuqr8gsvsjh6',
  'accept-language' => 'zh-CN,zh;q=0.9',
  'accept-encoding' => 'gzip, deflate, br',
  'referer' => 'http://localhost/jd/public/index.php/index/goods/goodslist/goods_pid/10.html',
  'accept' => '*/*',
  'user-agent' => 'Mozilla/5.0 (Windows NT 10.0; Win64; x64) AppleWebKit/537.36 (KHTML, like Gecko) Chrome/62.0.3202.75 Safari/537.36',
  'connection' => 'close',
  'host' => 'localhost',
)
[ info ] [ PARAM ] array (
)
[ info ] [ RUN ] app\index\controller\Index->index[ G:\phpStudy2017\PHPTutorial\WWW\jd\application\index\controller\Index.php ]
[ info ] [ DB ] INIT mysql
[ info ] [ VIEW ] G:\phpStudy2017\PHPTutorial\WWW\jd\public/../application/index\view\index\index.html [ array (
  0 => 'cate_list',
) ]
[ info ] [ SESSION ] INIT array (
  'id' => '',
  'var_session_id' => '',
  'prefix' => 'think',
  'type' => '',
  'auto_start' => true,
  'expire' => '3600',
)
[ info ] [ LOG ] INIT File
[ sql ] [ DB ] CONNECT:[ UseTime:0.010306s ] mysql:dbname=jd;host=127.0.0.1;charset=utf8
[ sql ] [ SQL ] SHOW COLUMNS FROM `jd_cate` [ RunTime:0.015337s ]
[ sql ] [ SQL ] SELECT * FROM `jd_cate` ORDER BY `cate_sort` [ RunTime:0.000397s ]
---------------------------------------------------------------
[ 2018-01-17T10:53:05+08:00 ] ::1 ::1 GET /jd/public/index.php/
[ info ] localhost/jd/public/index.php/ [运行时间：0.063844s][吞吐率：15.66req/s] [内存消耗：2,382.28kb] [文件加载：56]
[ info ] [ LANG ] G:\phpStudy2017\PHPTutorial\WWW\jd\thinkphp\lang\zh-cn.php
[ info ] [ ROUTE ] array (
  'type' => 'module',
  'module' => 
  array (
    0 => '',
    1 => NULL,
    2 => NULL,
  ),
)
[ info ] [ HEADER ] array (
  'cookie' => 'PHPSESSID=0au6kovm16e1u2iuqr8gsvsjh6',
  'accept-language' => 'zh-CN,zh;q=0.9',
  'accept-encoding' => 'gzip, deflate, br',
  'accept' => 'text/html,application/xhtml+xml,application/xml;q=0.9,image/webp,image/apng,*/*;q=0.8',
  'upgrade-insecure-requests' => '1',
  'user-agent' => 'Mozilla/5.0 (Windows NT 10.0; Win64; x64) AppleWebKit/537.36 (KHTML, like Gecko) Chrome/62.0.3202.75 Safari/537.36',
  'connection' => 'close',
  'host' => 'localhost',
)
[ info ] [ PARAM ] array (
)
[ info ] [ RUN ] app\index\controller\Index->index[ G:\phpStudy2017\PHPTutorial\WWW\jd\application\index\controller\Index.php ]
[ info ] [ DB ] INIT mysql
[ info ] [ VIEW ] G:\phpStudy2017\PHPTutorial\WWW\jd\public/../application/index\view\index\index.html [ array (
  0 => 'cate_list',
) ]
[ info ] [ SESSION ] INIT array (
  'id' => '',
  'var_session_id' => '',
  'prefix' => 'think',
  'type' => '',
  'auto_start' => true,
  'expire' => '3600',
)
[ info ] [ LOG ] INIT File
[ sql ] [ DB ] CONNECT:[ UseTime:0.010131s ] mysql:dbname=jd;host=127.0.0.1;charset=utf8
[ sql ] [ SQL ] SHOW COLUMNS FROM `jd_cate` [ RunTime:0.014361s ]
[ sql ] [ SQL ] SELECT * FROM `jd_cate` ORDER BY `cate_sort` [ RunTime:0.000450s ]
---------------------------------------------------------------
[ 2018-01-17T11:00:23+08:00 ] ::1 ::1 GET /jd/public/index.php/
[ info ] localhost/jd/public/index.php/ [运行时间：0.060088s][吞吐率：16.64req/s] [内存消耗：2,385.78kb] [文件加载：56]
[ info ] [ LANG ] G:\phpStudy2017\PHPTutorial\WWW\jd\thinkphp\lang\zh-cn.php
[ info ] [ ROUTE ] array (
  'type' => 'module',
  'module' => 
  array (
    0 => '',
    1 => NULL,
    2 => NULL,
  ),
)
[ info ] [ HEADER ] array (
  'cookie' => '__guid=111872281.1359355482103690000.1509702285237.3625; pgv_pvi=8007761920; UM_distinctid=160fcc157b33c8-0fa4e064e13e77-5d4e211f-1fa400-160fcc157b46a3; _ga=GA1.1.2073772986.1516069018; CNZZDATA1260446707=880228080-1516068381-%7C1516068381; PHPSESSID=4tsbsmgni6ck662kp992lbvai0; monitor_count=425',
  'accept-language' => 'zh-CN,zh;q=0.8',
  'accept-encoding' => 'gzip, deflate, sdch, br',
  'accept' => 'text/html,application/xhtml+xml,application/xml;q=0.9,image/webp,*/*;q=0.8',
  'user-agent' => 'Mozilla/5.0 (Windows NT 10.0; WOW64) AppleWebKit/537.36 (KHTML, like Gecko) Chrome/55.0.2883.87 Safari/537.36',
  'upgrade-insecure-requests' => '1',
  'connection' => 'close',
  'host' => 'localhost',
)
[ info ] [ PARAM ] array (
)
[ info ] [ RUN ] app\index\controller\Index->index[ G:\phpStudy2017\PHPTutorial\WWW\jd\application\index\controller\Index.php ]
[ info ] [ DB ] INIT mysql
[ info ] [ VIEW ] G:\phpStudy2017\PHPTutorial\WWW\jd\public/../application/index\view\index\index.html [ array (
  0 => 'cate_list',
) ]
[ info ] [ SESSION ] INIT array (
  'id' => '',
  'var_session_id' => '',
  'prefix' => 'think',
  'type' => '',
  'auto_start' => true,
  'expire' => '3600',
)
[ info ] [ LOG ] INIT File
[ sql ] [ DB ] CONNECT:[ UseTime:0.010592s ] mysql:dbname=jd;host=127.0.0.1;charset=utf8
[ sql ] [ SQL ] SHOW COLUMNS FROM `jd_cate` [ RunTime:0.013408s ]
[ sql ] [ SQL ] SELECT * FROM `jd_cate` ORDER BY `cate_sort` [ RunTime:0.000452s ]
---------------------------------------------------------------
[ 2018-01-17T11:00:41+08:00 ] ::1 ::1 GET /jd/public/index.php/
[ info ] localhost/jd/public/index.php/ [运行时间：0.068964s][吞吐率：14.50req/s] [内存消耗：2,386.19kb] [文件加载：56]
[ info ] [ LANG ] G:\phpStudy2017\PHPTutorial\WWW\jd\thinkphp\lang\zh-cn.php
[ info ] [ ROUTE ] array (
  'type' => 'module',
  'module' => 
  array (
    0 => '',
    1 => NULL,
    2 => NULL,
  ),
)
[ info ] [ HEADER ] array (
  'cookie' => '__guid=111872281.1359355482103690000.1509702285237.3625; pgv_pvi=8007761920; UM_distinctid=160fcc157b33c8-0fa4e064e13e77-5d4e211f-1fa400-160fcc157b46a3; _ga=GA1.1.2073772986.1516069018; CNZZDATA1260446707=880228080-1516068381-%7C1516068381; PHPSESSID=4tsbsmgni6ck662kp992lbvai0; monitor_count=426',
  'accept-language' => 'zh-CN,zh;q=0.8',
  'accept-encoding' => 'gzip, deflate, sdch, br',
  'accept' => 'text/html,application/xhtml+xml,application/xml;q=0.9,image/webp,*/*;q=0.8',
  'user-agent' => 'Mozilla/5.0 (Windows NT 10.0; WOW64) AppleWebKit/537.36 (KHTML, like Gecko) Chrome/55.0.2883.87 Safari/537.36',
  'upgrade-insecure-requests' => '1',
  'cache-control' => 'max-age=0',
  'connection' => 'close',
  'host' => 'localhost',
)
[ info ] [ PARAM ] array (
)
[ info ] [ RUN ] app\index\controller\Index->index[ G:\phpStudy2017\PHPTutorial\WWW\jd\application\index\controller\Index.php ]
[ info ] [ DB ] INIT mysql
[ info ] [ VIEW ] G:\phpStudy2017\PHPTutorial\WWW\jd\public/../application/index\view\index\index.html [ array (
  0 => 'cate_list',
) ]
[ info ] [ SESSION ] INIT array (
  'id' => '',
  'var_session_id' => '',
  'prefix' => 'think',
  'type' => '',
  'auto_start' => true,
  'expire' => '3600',
)
[ info ] [ LOG ] INIT File
[ sql ] [ DB ] CONNECT:[ UseTime:0.011138s ] mysql:dbname=jd;host=127.0.0.1;charset=utf8
[ sql ] [ SQL ] SHOW COLUMNS FROM `jd_cate` [ RunTime:0.015994s ]
[ sql ] [ SQL ] SELECT * FROM `jd_cate` ORDER BY `cate_sort` [ RunTime:0.000480s ]
---------------------------------------------------------------
[ 2018-01-17T11:02:23+08:00 ] ::1 ::1 GET /jd/public/index.php/
[ info ] localhost/jd/public/index.php/ [运行时间：0.054387s][吞吐率：18.39req/s] [内存消耗：2,386.19kb] [文件加载：56]
[ info ] [ LANG ] G:\phpStudy2017\PHPTutorial\WWW\jd\thinkphp\lang\zh-cn.php
[ info ] [ ROUTE ] array (
  'type' => 'module',
  'module' => 
  array (
    0 => '',
    1 => NULL,
    2 => NULL,
  ),
)
[ info ] [ HEADER ] array (
  'cookie' => '__guid=111872281.1359355482103690000.1509702285237.3625; pgv_pvi=8007761920; UM_distinctid=160fcc157b33c8-0fa4e064e13e77-5d4e211f-1fa400-160fcc157b46a3; _ga=GA1.1.2073772986.1516069018; CNZZDATA1260446707=880228080-1516068381-%7C1516068381; PHPSESSID=4tsbsmgni6ck662kp992lbvai0; monitor_count=427',
  'accept-language' => 'zh-CN,zh;q=0.8',
  'accept-encoding' => 'gzip, deflate, sdch, br',
  'accept' => 'text/html,application/xhtml+xml,application/xml;q=0.9,image/webp,*/*;q=0.8',
  'user-agent' => 'Mozilla/5.0 (Windows NT 10.0; WOW64) AppleWebKit/537.36 (KHTML, like Gecko) Chrome/55.0.2883.87 Safari/537.36',
  'upgrade-insecure-requests' => '1',
  'cache-control' => 'max-age=0',
  'connection' => 'close',
  'host' => 'localhost',
)
[ info ] [ PARAM ] array (
)
[ info ] [ RUN ] app\index\controller\Index->index[ G:\phpStudy2017\PHPTutorial\WWW\jd\application\index\controller\Index.php ]
[ info ] [ DB ] INIT mysql
[ info ] [ VIEW ] G:\phpStudy2017\PHPTutorial\WWW\jd\public/../application/index\view\index\index.html [ array (
  0 => 'cate_list',
) ]
[ info ] [ SESSION ] INIT array (
  'id' => '',
  'var_session_id' => '',
  'prefix' => 'think',
  'type' => '',
  'auto_start' => true,
  'expire' => '3600',
)
[ info ] [ LOG ] INIT File
[ sql ] [ DB ] CONNECT:[ UseTime:0.000766s ] mysql:dbname=jd;host=127.0.0.1;charset=utf8
[ sql ] [ SQL ] SHOW COLUMNS FROM `jd_cate` [ RunTime:0.013685s ]
[ sql ] [ SQL ] SELECT * FROM `jd_cate` ORDER BY `cate_sort` [ RunTime:0.000456s ]
---------------------------------------------------------------
[ 2018-01-17T11:02:35+08:00 ] ::1 ::1 GET /jd/public/index.php/
[ info ] localhost/jd/public/index.php/ [运行时间：0.055430s][吞吐率：18.04req/s] [内存消耗：2,386.19kb] [文件加载：56]
[ info ] [ LANG ] G:\phpStudy2017\PHPTutorial\WWW\jd\thinkphp\lang\zh-cn.php
[ info ] [ ROUTE ] array (
  'type' => 'module',
  'module' => 
  array (
    0 => '',
    1 => NULL,
    2 => NULL,
  ),
)
[ info ] [ HEADER ] array (
  'cookie' => '__guid=111872281.1359355482103690000.1509702285237.3625; pgv_pvi=8007761920; UM_distinctid=160fcc157b33c8-0fa4e064e13e77-5d4e211f-1fa400-160fcc157b46a3; _ga=GA1.1.2073772986.1516069018; CNZZDATA1260446707=880228080-1516068381-%7C1516068381; PHPSESSID=4tsbsmgni6ck662kp992lbvai0; monitor_count=428',
  'accept-language' => 'zh-CN,zh;q=0.8',
  'accept-encoding' => 'gzip, deflate, sdch, br',
  'accept' => 'text/html,application/xhtml+xml,application/xml;q=0.9,image/webp,*/*;q=0.8',
  'user-agent' => 'Mozilla/5.0 (Windows NT 10.0; WOW64) AppleWebKit/537.36 (KHTML, like Gecko) Chrome/55.0.2883.87 Safari/537.36',
  'upgrade-insecure-requests' => '1',
  'cache-control' => 'max-age=0',
  'connection' => 'close',
  'host' => 'localhost',
)
[ info ] [ PARAM ] array (
)
[ info ] [ RUN ] app\index\controller\Index->index[ G:\phpStudy2017\PHPTutorial\WWW\jd\application\index\controller\Index.php ]
[ info ] [ DB ] INIT mysql
[ info ] [ VIEW ] G:\phpStudy2017\PHPTutorial\WWW\jd\public/../application/index\view\index\index.html [ array (
  0 => 'cate_list',
) ]
[ info ] [ SESSION ] INIT array (
  'id' => '',
  'var_session_id' => '',
  'prefix' => 'think',
  'type' => '',
  'auto_start' => true,
  'expire' => '3600',
)
[ info ] [ LOG ] INIT File
[ sql ] [ DB ] CONNECT:[ UseTime:0.000735s ] mysql:dbname=jd;host=127.0.0.1;charset=utf8
[ sql ] [ SQL ] SHOW COLUMNS FROM `jd_cate` [ RunTime:0.014471s ]
[ sql ] [ SQL ] SELECT * FROM `jd_cate` ORDER BY `cate_sort` [ RunTime:0.000663s ]
